<?xml version="1.0" encoding="UTF-8"?>
<!-- Generated by org.testng.reporters.JUnitXMLReporter -->
<testsuite hostname="Laptop-PR-16" ignored="0" name="Default test" tests="7" failures="6" timestamp="29 Jun 2023 05:25:58 GMT" time="109.241" errors="0">
  <testcase name="runScenario" time="23.769" classname="io.cucumber.testng.AbstractTestNGCucumberTests">
    <failure type="java.net.ConnectException" message="Connection timed out: connect">
      <![CDATA[java.net.ConnectException: Connection timed out: connect
at java.net.DualStackPlainSocketImpl.connect0(Native Method)
at java.net.DualStackPlainSocketImpl.socketConnect(Unknown Source)
at java.net.AbstractPlainSocketImpl.doConnect(Unknown Source)
at java.net.AbstractPlainSocketImpl.connectToAddress(Unknown Source)
at java.net.AbstractPlainSocketImpl.connect(Unknown Source)
at java.net.PlainSocketImpl.connect(Unknown Source)
at java.net.SocksSocketImpl.connect(Unknown Source)
at java.net.Socket.connect(Unknown Source)
at org.apache.http.conn.ssl.SSLSocketFactory.connectSocket(SSLSocketFactory.java:543)
at org.apache.http.conn.ssl.SSLSocketFactory.connectSocket(SSLSocketFactory.java:415)
at org.apache.http.impl.conn.DefaultClientConnectionOperator.openConnection(DefaultClientConnectionOperator.java:180)
at org.apache.http.impl.conn.ManagedClientConnectionImpl.open(ManagedClientConnectionImpl.java:326)
at org.apache.http.impl.client.DefaultRequestDirector.tryConnect(DefaultRequestDirector.java:605)
at org.apache.http.impl.client.DefaultRequestDirector.execute(DefaultRequestDirector.java:440)
at org.apache.http.impl.client.AbstractHttpClient.doExecute(AbstractHttpClient.java:835)
at org.apache.http.impl.client.CloseableHttpClient.execute(CloseableHttpClient.java:83)
at io.restassured.internal.RestAssuredHttpBuilder.doRequest(RestAssuredHttpBuilder.java:141)
at io.restassured.internal.http.HTTPBuilder.post(HTTPBuilder.java:349)
at io.restassured.internal.http.HTTPBuilder$post$2.call(Unknown Source)
at org.codehaus.groovy.runtime.callsite.CallSiteArray.defaultCall(CallSiteArray.java:46)
at org.codehaus.groovy.runtime.callsite.AbstractCallSite.call(AbstractCallSite.java:125)
at org.codehaus.groovy.runtime.callsite.AbstractCallSite.call(AbstractCallSite.java:148)
at io.restassured.internal.RequestSpecificationImpl.sendRequest(RequestSpecificationImpl.groovy:1209)
at io.restassured.internal.RequestSpecificationImpl.this$2$sendRequest(RequestSpecificationImpl.groovy)
at sun.reflect.NativeMethodAccessorImpl.invoke0(Native Method)
at sun.reflect.NativeMethodAccessorImpl.invoke(Unknown Source)
at sun.reflect.DelegatingMethodAccessorImpl.invoke(Unknown Source)
at java.lang.reflect.Method.invoke(Unknown Source)
at org.codehaus.groovy.reflection.CachedMethod.invoke(CachedMethod.java:343)
at groovy.lang.MetaMethod.doMethodInvoke(MetaMethod.java:328)
at groovy.lang.MetaClassImpl.doInvokeMethod(MetaClassImpl.java:1369)
at groovy.lang.MetaClassImpl.invokeMethod(MetaClassImpl.java:1103)
at groovy.lang.MetaClassImpl.invokeMethod(MetaClassImpl.java:1009)
at groovy.lang.MetaClassImpl.invokeMethod(MetaClassImpl.java:792)
at io.restassured.internal.RequestSpecificationImpl.invokeMethod(RequestSpecificationImpl.groovy)
at org.codehaus.groovy.runtime.callsite.PogoInterceptableSite.call(PogoInterceptableSite.java:46)
at org.codehaus.groovy.runtime.callsite.CallSiteArray.defaultCall(CallSiteArray.java:46)
at org.codehaus.groovy.runtime.callsite.AbstractCallSite.call(AbstractCallSite.java:125)
at org.codehaus.groovy.runtime.callsite.AbstractCallSite.call(AbstractCallSite.java:166)
at io.restassured.internal.filter.SendRequestFilter.filter(SendRequestFilter.groovy:30)
at io.restassured.filter.Filter$filter.call(Unknown Source)
at org.codehaus.groovy.runtime.callsite.CallSiteArray.defaultCall(CallSiteArray.java:46)
at io.restassured.filter.Filter$filter$0.call(Unknown Source)
at io.restassured.internal.filter.FilterContextImpl.next(FilterContextImpl.groovy:72)
at io.restassured.filter.time.TimingFilter.filter(TimingFilter.java:56)
at io.restassured.filter.Filter$filter$0.call(Unknown Source)
at org.codehaus.groovy.runtime.callsite.CallSiteArray.defaultCall(CallSiteArray.java:46)
at io.restassured.filter.Filter$filter.call(Unknown Source)
at io.restassured.internal.filter.FilterContextImpl.next(FilterContextImpl.groovy:72)
at io.restassured.filter.FilterContext$next.call(Unknown Source)
at org.codehaus.groovy.runtime.callsite.CallSiteArray.defaultCall(CallSiteArray.java:46)
at org.codehaus.groovy.runtime.callsite.AbstractCallSite.call(AbstractCallSite.java:125)
at org.codehaus.groovy.runtime.callsite.AbstractCallSite.call(AbstractCallSite.java:148)
at io.restassured.internal.filter.CsrfFilter.filter(CsrfFilter.groovy:72)
at io.restassured.filter.Filter$filter.call(Unknown Source)
at org.codehaus.groovy.runtime.callsite.CallSiteArray.defaultCall(CallSiteArray.java:46)
at org.codehaus.groovy.runtime.callsite.AbstractCallSite.call(AbstractCallSite.java:125)
at org.codehaus.groovy.runtime.callsite.AbstractCallSite.call(AbstractCallSite.java:157)
at io.restassured.internal.filter.FilterContextImpl.next(FilterContextImpl.groovy:72)
at io.restassured.filter.FilterContext$next.call(Unknown Source)
at org.codehaus.groovy.runtime.callsite.CallSiteArray.defaultCall(CallSiteArray.java:46)
at org.codehaus.groovy.runtime.callsite.AbstractCallSite.call(AbstractCallSite.java:125)
at org.codehaus.groovy.runtime.callsite.AbstractCallSite.call(AbstractCallSite.java:148)
at io.restassured.internal.RequestSpecificationImpl.applyPathParamsAndSendRequest(RequestSpecificationImpl.groovy:1704)
at io.restassured.internal.RequestSpecificationImpl.this$2$applyPathParamsAndSendRequest(RequestSpecificationImpl.groovy)
at sun.reflect.NativeMethodAccessorImpl.invoke0(Native Method)
at sun.reflect.NativeMethodAccessorImpl.invoke(Unknown Source)
at sun.reflect.DelegatingMethodAccessorImpl.invoke(Unknown Source)
at java.lang.reflect.Method.invoke(Unknown Source)
at org.codehaus.groovy.reflection.CachedMethod.invoke(CachedMethod.java:343)
at groovy.lang.MetaMethod.doMethodInvoke(MetaMethod.java:328)
at groovy.lang.MetaClassImpl.doInvokeMethod(MetaClassImpl.java:1369)
at groovy.lang.MetaClassImpl.invokeMethod(MetaClassImpl.java:1103)
at groovy.lang.MetaClassImpl.invokeMethod(MetaClassImpl.java:1009)
at groovy.lang.MetaClassImpl.invokeMethod(MetaClassImpl.java:792)
at io.restassured.internal.RequestSpecificationImpl.invokeMethod(RequestSpecificationImpl.groovy)
at org.codehaus.groovy.runtime.callsite.PogoInterceptableSite.call(PogoInterceptableSite.java:46)
at org.codehaus.groovy.runtime.callsite.PogoInterceptableSite.callCurrent(PogoInterceptableSite.java:57)
at org.codehaus.groovy.runtime.callsite.CallSiteArray.defaultCallCurrent(CallSiteArray.java:50)
at org.codehaus.groovy.runtime.callsite.AbstractCallSite.callCurrent(AbstractCallSite.java:171)
at org.codehaus.groovy.runtime.callsite.AbstractCallSite.callCurrent(AbstractCallSite.java:203)
at io.restassured.internal.RequestSpecificationImpl.applyPathParamsAndSendRequest(RequestSpecificationImpl.groovy:1710)
at io.restassured.internal.RequestSpecificationImpl.this$2$applyPathParamsAndSendRequest(RequestSpecificationImpl.groovy)
at sun.reflect.NativeMethodAccessorImpl.invoke0(Native Method)
at sun.reflect.NativeMethodAccessorImpl.invoke(Unknown Source)
at sun.reflect.DelegatingMethodAccessorImpl.invoke(Unknown Source)
at java.lang.reflect.Method.invoke(Unknown Source)
at org.codehaus.groovy.reflection.CachedMethod.invoke(CachedMethod.java:343)
at groovy.lang.MetaMethod.doMethodInvoke(MetaMethod.java:328)
at groovy.lang.MetaClassImpl.doInvokeMethod(MetaClassImpl.java:1369)
at groovy.lang.MetaClassImpl.invokeMethod(MetaClassImpl.java:1103)
at groovy.lang.MetaClassImpl.invokeMethod(MetaClassImpl.java:1009)
at groovy.lang.MetaClassImpl.invokeMethod(MetaClassImpl.java:792)
at io.restassured.internal.RequestSpecificationImpl.invokeMethod(RequestSpecificationImpl.groovy)
at org.codehaus.groovy.runtime.callsite.PogoInterceptableSite.call(PogoInterceptableSite.java:46)
at org.codehaus.groovy.runtime.callsite.PogoInterceptableSite.callCurrent(PogoInterceptableSite.java:57)
at org.codehaus.groovy.runtime.callsite.CallSiteArray.defaultCallCurrent(CallSiteArray.java:50)
at org.codehaus.groovy.runtime.callsite.AbstractCallSite.callCurrent(AbstractCallSite.java:171)
at org.codehaus.groovy.runtime.callsite.AbstractCallSite.callCurrent(AbstractCallSite.java:203)
at io.restassured.internal.RequestSpecificationImpl.post(RequestSpecificationImpl.groovy:176)
at io.restassured.internal.RequestSpecificationImpl.post(RequestSpecificationImpl.groovy)
at com.rest.steps.Traveltaxsteps.i_post_the_register_payload_request(Traveltaxsteps.java:80)
at ✽.I post the register payload request(file:///C:/Users/divyabharathi.t/Desktop/Travel-Tax%20Restful%20API/Restassured/Features/Traveltax_Feature.feature:7)
]]>
    </failure>
  </testcase> <!-- runScenario -->
  <testcase name="runScenario" time="21.137" classname="io.cucumber.testng.AbstractTestNGCucumberTests">
    <failure type="java.net.ConnectException" message="Connection timed out: connect">
      <![CDATA[java.net.ConnectException: Connection timed out: connect
at java.net.DualStackPlainSocketImpl.connect0(Native Method)
at java.net.DualStackPlainSocketImpl.socketConnect(Unknown Source)
at java.net.AbstractPlainSocketImpl.doConnect(Unknown Source)
at java.net.AbstractPlainSocketImpl.connectToAddress(Unknown Source)
at java.net.AbstractPlainSocketImpl.connect(Unknown Source)
at java.net.PlainSocketImpl.connect(Unknown Source)
at java.net.SocksSocketImpl.connect(Unknown Source)
at java.net.Socket.connect(Unknown Source)
at org.apache.http.conn.ssl.SSLSocketFactory.connectSocket(SSLSocketFactory.java:543)
at org.apache.http.conn.ssl.SSLSocketFactory.connectSocket(SSLSocketFactory.java:415)
at org.apache.http.impl.conn.DefaultClientConnectionOperator.openConnection(DefaultClientConnectionOperator.java:180)
at org.apache.http.impl.conn.ManagedClientConnectionImpl.open(ManagedClientConnectionImpl.java:326)
at org.apache.http.impl.client.DefaultRequestDirector.tryConnect(DefaultRequestDirector.java:605)
at org.apache.http.impl.client.DefaultRequestDirector.execute(DefaultRequestDirector.java:440)
at org.apache.http.impl.client.AbstractHttpClient.doExecute(AbstractHttpClient.java:835)
at org.apache.http.impl.client.CloseableHttpClient.execute(CloseableHttpClient.java:83)
at io.restassured.internal.RestAssuredHttpBuilder.doRequest(RestAssuredHttpBuilder.java:141)
at io.restassured.internal.http.HTTPBuilder.post(HTTPBuilder.java:349)
at io.restassured.internal.http.HTTPBuilder$post$2.call(Unknown Source)
at io.restassured.internal.RequestSpecificationImpl.sendRequest(RequestSpecificationImpl.groovy:1209)
at io.restassured.internal.RequestSpecificationImpl.this$2$sendRequest(RequestSpecificationImpl.groovy)
at sun.reflect.NativeMethodAccessorImpl.invoke0(Native Method)
at sun.reflect.NativeMethodAccessorImpl.invoke(Unknown Source)
at sun.reflect.DelegatingMethodAccessorImpl.invoke(Unknown Source)
at java.lang.reflect.Method.invoke(Unknown Source)
at org.codehaus.groovy.reflection.CachedMethod.invoke(CachedMethod.java:343)
at groovy.lang.MetaMethod.doMethodInvoke(MetaMethod.java:328)
at groovy.lang.MetaClassImpl.doInvokeMethod(MetaClassImpl.java:1369)
at groovy.lang.MetaClassImpl.invokeMethod(MetaClassImpl.java:1103)
at groovy.lang.MetaClassImpl.invokeMethod(MetaClassImpl.java:1009)
at groovy.lang.MetaClassImpl.invokeMethod(MetaClassImpl.java:792)
at io.restassured.internal.RequestSpecificationImpl.invokeMethod(RequestSpecificationImpl.groovy)
at org.codehaus.groovy.runtime.callsite.PogoInterceptableSite.call(PogoInterceptableSite.java:46)
at org.codehaus.groovy.runtime.callsite.AbstractCallSite.call(AbstractCallSite.java:166)
at io.restassured.internal.filter.SendRequestFilter.filter(SendRequestFilter.groovy:30)
at io.restassured.filter.Filter$filter.call(Unknown Source)
at org.codehaus.groovy.runtime.callsite.CallSiteArray.defaultCall(CallSiteArray.java:46)
at io.restassured.filter.Filter$filter$0.call(Unknown Source)
at io.restassured.internal.filter.FilterContextImpl.next(FilterContextImpl.groovy:72)
at io.restassured.filter.time.TimingFilter.filter(TimingFilter.java:56)
at io.restassured.filter.Filter$filter$0.call(Unknown Source)
at org.codehaus.groovy.runtime.callsite.CallSiteArray.defaultCall(CallSiteArray.java:46)
at io.restassured.filter.Filter$filter.call(Unknown Source)
at io.restassured.internal.filter.FilterContextImpl.next(FilterContextImpl.groovy:72)
at io.restassured.filter.FilterContext$next.call(Unknown Source)
at io.restassured.internal.filter.CsrfFilter.filter(CsrfFilter.groovy:72)
at io.restassured.filter.Filter$filter.call(Unknown Source)
at org.codehaus.groovy.runtime.callsite.CallSiteArray.defaultCall(CallSiteArray.java:46)
at io.restassured.filter.Filter$filter.call(Unknown Source)
at io.restassured.internal.filter.FilterContextImpl.next(FilterContextImpl.groovy:72)
at io.restassured.filter.FilterContext$next.call(Unknown Source)
at io.restassured.internal.RequestSpecificationImpl.applyPathParamsAndSendRequest(RequestSpecificationImpl.groovy:1704)
at io.restassured.internal.RequestSpecificationImpl.this$2$applyPathParamsAndSendRequest(RequestSpecificationImpl.groovy)
at sun.reflect.NativeMethodAccessorImpl.invoke0(Native Method)
at sun.reflect.NativeMethodAccessorImpl.invoke(Unknown Source)
at sun.reflect.DelegatingMethodAccessorImpl.invoke(Unknown Source)
at java.lang.reflect.Method.invoke(Unknown Source)
at org.codehaus.groovy.reflection.CachedMethod.invoke(CachedMethod.java:343)
at groovy.lang.MetaMethod.doMethodInvoke(MetaMethod.java:328)
at groovy.lang.MetaClassImpl.doInvokeMethod(MetaClassImpl.java:1369)
at groovy.lang.MetaClassImpl.invokeMethod(MetaClassImpl.java:1103)
at groovy.lang.MetaClassImpl.invokeMethod(MetaClassImpl.java:1009)
at groovy.lang.MetaClassImpl.invokeMethod(MetaClassImpl.java:792)
at io.restassured.internal.RequestSpecificationImpl.invokeMethod(RequestSpecificationImpl.groovy)
at org.codehaus.groovy.runtime.callsite.PogoInterceptableSite.call(PogoInterceptableSite.java:46)
at org.codehaus.groovy.runtime.callsite.PogoInterceptableSite.callCurrent(PogoInterceptableSite.java:57)
at org.codehaus.groovy.runtime.callsite.AbstractCallSite.callCurrent(AbstractCallSite.java:203)
at io.restassured.internal.RequestSpecificationImpl.applyPathParamsAndSendRequest(RequestSpecificationImpl.groovy:1710)
at io.restassured.internal.RequestSpecificationImpl.this$2$applyPathParamsAndSendRequest(RequestSpecificationImpl.groovy)
at sun.reflect.NativeMethodAccessorImpl.invoke0(Native Method)
at sun.reflect.NativeMethodAccessorImpl.invoke(Unknown Source)
at sun.reflect.DelegatingMethodAccessorImpl.invoke(Unknown Source)
at java.lang.reflect.Method.invoke(Unknown Source)
at org.codehaus.groovy.reflection.CachedMethod.invoke(CachedMethod.java:343)
at groovy.lang.MetaMethod.doMethodInvoke(MetaMethod.java:328)
at groovy.lang.MetaClassImpl.doInvokeMethod(MetaClassImpl.java:1369)
at groovy.lang.MetaClassImpl.invokeMethod(MetaClassImpl.java:1103)
at groovy.lang.MetaClassImpl.invokeMethod(MetaClassImpl.java:1009)
at groovy.lang.MetaClassImpl.invokeMethod(MetaClassImpl.java:792)
at io.restassured.internal.RequestSpecificationImpl.invokeMethod(RequestSpecificationImpl.groovy)
at org.codehaus.groovy.runtime.callsite.PogoInterceptableSite.call(PogoInterceptableSite.java:46)
at org.codehaus.groovy.runtime.callsite.PogoInterceptableSite.callCurrent(PogoInterceptableSite.java:57)
at org.codehaus.groovy.runtime.callsite.AbstractCallSite.callCurrent(AbstractCallSite.java:203)
at io.restassured.internal.RequestSpecificationImpl.post(RequestSpecificationImpl.groovy:176)
at io.restassured.internal.RequestSpecificationImpl.post(RequestSpecificationImpl.groovy)
at com.rest.steps.Traveltaxsteps.I_post_the_create_password_payload_request(Traveltaxsteps.java:137)
at ✽.I post the create password payload request(file:///C:/Users/divyabharathi.t/Desktop/Travel-Tax%20Restful%20API/Restassured/Features/Traveltax_Feature.feature:15)
]]>
    </failure>
  </testcase> <!-- runScenario -->
  <testcase name="runScenario" time="21.164" classname="io.cucumber.testng.AbstractTestNGCucumberTests">
    <failure type="java.net.ConnectException" message="Connection timed out: connect">
      <![CDATA[java.net.ConnectException: Connection timed out: connect
at java.net.DualStackPlainSocketImpl.connect0(Native Method)
at java.net.DualStackPlainSocketImpl.socketConnect(Unknown Source)
at java.net.AbstractPlainSocketImpl.doConnect(Unknown Source)
at java.net.AbstractPlainSocketImpl.connectToAddress(Unknown Source)
at java.net.AbstractPlainSocketImpl.connect(Unknown Source)
at java.net.PlainSocketImpl.connect(Unknown Source)
at java.net.SocksSocketImpl.connect(Unknown Source)
at java.net.Socket.connect(Unknown Source)
at org.apache.http.conn.ssl.SSLSocketFactory.connectSocket(SSLSocketFactory.java:543)
at org.apache.http.conn.ssl.SSLSocketFactory.connectSocket(SSLSocketFactory.java:415)
at org.apache.http.impl.conn.DefaultClientConnectionOperator.openConnection(DefaultClientConnectionOperator.java:180)
at org.apache.http.impl.conn.ManagedClientConnectionImpl.open(ManagedClientConnectionImpl.java:326)
at org.apache.http.impl.client.DefaultRequestDirector.tryConnect(DefaultRequestDirector.java:605)
at org.apache.http.impl.client.DefaultRequestDirector.execute(DefaultRequestDirector.java:440)
at org.apache.http.impl.client.AbstractHttpClient.doExecute(AbstractHttpClient.java:835)
at org.apache.http.impl.client.CloseableHttpClient.execute(CloseableHttpClient.java:83)
at io.restassured.internal.RestAssuredHttpBuilder.doRequest(RestAssuredHttpBuilder.java:141)
at io.restassured.internal.http.HTTPBuilder.post(HTTPBuilder.java:349)
at io.restassured.internal.http.HTTPBuilder$post$2.call(Unknown Source)
at io.restassured.internal.RequestSpecificationImpl.sendRequest(RequestSpecificationImpl.groovy:1209)
at io.restassured.internal.RequestSpecificationImpl.this$2$sendRequest(RequestSpecificationImpl.groovy)
at sun.reflect.NativeMethodAccessorImpl.invoke0(Native Method)
at sun.reflect.NativeMethodAccessorImpl.invoke(Unknown Source)
at sun.reflect.DelegatingMethodAccessorImpl.invoke(Unknown Source)
at java.lang.reflect.Method.invoke(Unknown Source)
at org.codehaus.groovy.reflection.CachedMethod.invoke(CachedMethod.java:343)
at groovy.lang.MetaMethod.doMethodInvoke(MetaMethod.java:328)
at groovy.lang.MetaClassImpl.doInvokeMethod(MetaClassImpl.java:1369)
at groovy.lang.MetaClassImpl.invokeMethod(MetaClassImpl.java:1103)
at groovy.lang.MetaClassImpl.invokeMethod(MetaClassImpl.java:1009)
at groovy.lang.MetaClassImpl.invokeMethod(MetaClassImpl.java:792)
at io.restassured.internal.RequestSpecificationImpl.invokeMethod(RequestSpecificationImpl.groovy)
at org.codehaus.groovy.runtime.callsite.PogoInterceptableSite.call(PogoInterceptableSite.java:46)
at org.codehaus.groovy.runtime.callsite.AbstractCallSite.call(AbstractCallSite.java:166)
at io.restassured.internal.filter.SendRequestFilter.filter(SendRequestFilter.groovy:30)
at io.restassured.filter.Filter$filter.call(Unknown Source)
at org.codehaus.groovy.runtime.callsite.CallSiteArray.defaultCall(CallSiteArray.java:46)
at io.restassured.filter.Filter$filter$0.call(Unknown Source)
at io.restassured.internal.filter.FilterContextImpl.next(FilterContextImpl.groovy:72)
at io.restassured.filter.time.TimingFilter.filter(TimingFilter.java:56)
at io.restassured.filter.Filter$filter$0.call(Unknown Source)
at org.codehaus.groovy.runtime.callsite.CallSiteArray.defaultCall(CallSiteArray.java:46)
at io.restassured.filter.Filter$filter.call(Unknown Source)
at io.restassured.internal.filter.FilterContextImpl.next(FilterContextImpl.groovy:72)
at io.restassured.filter.FilterContext$next.call(Unknown Source)
at io.restassured.internal.filter.CsrfFilter.filter(CsrfFilter.groovy:72)
at io.restassured.filter.Filter$filter.call(Unknown Source)
at org.codehaus.groovy.runtime.callsite.CallSiteArray.defaultCall(CallSiteArray.java:46)
at io.restassured.filter.Filter$filter.call(Unknown Source)
at io.restassured.internal.filter.FilterContextImpl.next(FilterContextImpl.groovy:72)
at io.restassured.filter.FilterContext$next.call(Unknown Source)
at io.restassured.internal.RequestSpecificationImpl.applyPathParamsAndSendRequest(RequestSpecificationImpl.groovy:1704)
at io.restassured.internal.RequestSpecificationImpl.this$2$applyPathParamsAndSendRequest(RequestSpecificationImpl.groovy)
at sun.reflect.NativeMethodAccessorImpl.invoke0(Native Method)
at sun.reflect.NativeMethodAccessorImpl.invoke(Unknown Source)
at sun.reflect.DelegatingMethodAccessorImpl.invoke(Unknown Source)
at java.lang.reflect.Method.invoke(Unknown Source)
at org.codehaus.groovy.reflection.CachedMethod.invoke(CachedMethod.java:343)
at groovy.lang.MetaMethod.doMethodInvoke(MetaMethod.java:328)
at groovy.lang.MetaClassImpl.doInvokeMethod(MetaClassImpl.java:1369)
at groovy.lang.MetaClassImpl.invokeMethod(MetaClassImpl.java:1103)
at groovy.lang.MetaClassImpl.invokeMethod(MetaClassImpl.java:1009)
at groovy.lang.MetaClassImpl.invokeMethod(MetaClassImpl.java:792)
at io.restassured.internal.RequestSpecificationImpl.invokeMethod(RequestSpecificationImpl.groovy)
at org.codehaus.groovy.runtime.callsite.PogoInterceptableSite.call(PogoInterceptableSite.java:46)
at org.codehaus.groovy.runtime.callsite.PogoInterceptableSite.callCurrent(PogoInterceptableSite.java:57)
at org.codehaus.groovy.runtime.callsite.AbstractCallSite.callCurrent(AbstractCallSite.java:203)
at io.restassured.internal.RequestSpecificationImpl.applyPathParamsAndSendRequest(RequestSpecificationImpl.groovy:1710)
at io.restassured.internal.RequestSpecificationImpl.this$2$applyPathParamsAndSendRequest(RequestSpecificationImpl.groovy)
at sun.reflect.NativeMethodAccessorImpl.invoke0(Native Method)
at sun.reflect.NativeMethodAccessorImpl.invoke(Unknown Source)
at sun.reflect.DelegatingMethodAccessorImpl.invoke(Unknown Source)
at java.lang.reflect.Method.invoke(Unknown Source)
at org.codehaus.groovy.reflection.CachedMethod.invoke(CachedMethod.java:343)
at groovy.lang.MetaMethod.doMethodInvoke(MetaMethod.java:328)
at groovy.lang.MetaClassImpl.doInvokeMethod(MetaClassImpl.java:1369)
at groovy.lang.MetaClassImpl.invokeMethod(MetaClassImpl.java:1103)
at groovy.lang.MetaClassImpl.invokeMethod(MetaClassImpl.java:1009)
at groovy.lang.MetaClassImpl.invokeMethod(MetaClassImpl.java:792)
at io.restassured.internal.RequestSpecificationImpl.invokeMethod(RequestSpecificationImpl.groovy)
at org.codehaus.groovy.runtime.callsite.PogoInterceptableSite.call(PogoInterceptableSite.java:46)
at org.codehaus.groovy.runtime.callsite.PogoInterceptableSite.callCurrent(PogoInterceptableSite.java:57)
at org.codehaus.groovy.runtime.callsite.AbstractCallSite.callCurrent(AbstractCallSite.java:203)
at io.restassured.internal.RequestSpecificationImpl.post(RequestSpecificationImpl.groovy:176)
at io.restassured.internal.RequestSpecificationImpl.post(RequestSpecificationImpl.groovy)
at com.rest.steps.Traveltaxsteps.i_post_the_login_payload_request(Traveltaxsteps.java:185)
at ✽.I post the login payload request(file:///C:/Users/divyabharathi.t/Desktop/Travel-Tax%20Restful%20API/Restassured/Features/Traveltax_Feature.feature:23)
]]>
    </failure>
  </testcase> <!-- runScenario -->
  <testcase name="runScenario" time="21.225" classname="io.cucumber.testng.AbstractTestNGCucumberTests">
    <failure type="java.net.ConnectException" message="Connection timed out: connect">
      <![CDATA[java.net.ConnectException: Connection timed out: connect
at java.net.DualStackPlainSocketImpl.connect0(Native Method)
at java.net.DualStackPlainSocketImpl.socketConnect(Unknown Source)
at java.net.AbstractPlainSocketImpl.doConnect(Unknown Source)
at java.net.AbstractPlainSocketImpl.connectToAddress(Unknown Source)
at java.net.AbstractPlainSocketImpl.connect(Unknown Source)
at java.net.PlainSocketImpl.connect(Unknown Source)
at java.net.SocksSocketImpl.connect(Unknown Source)
at java.net.Socket.connect(Unknown Source)
at org.apache.http.conn.ssl.SSLSocketFactory.connectSocket(SSLSocketFactory.java:543)
at org.apache.http.conn.ssl.SSLSocketFactory.connectSocket(SSLSocketFactory.java:415)
at org.apache.http.impl.conn.DefaultClientConnectionOperator.openConnection(DefaultClientConnectionOperator.java:180)
at org.apache.http.impl.conn.ManagedClientConnectionImpl.open(ManagedClientConnectionImpl.java:326)
at org.apache.http.impl.client.DefaultRequestDirector.tryConnect(DefaultRequestDirector.java:605)
at org.apache.http.impl.client.DefaultRequestDirector.execute(DefaultRequestDirector.java:440)
at org.apache.http.impl.client.AbstractHttpClient.doExecute(AbstractHttpClient.java:835)
at org.apache.http.impl.client.CloseableHttpClient.execute(CloseableHttpClient.java:83)
at io.restassured.internal.RestAssuredHttpBuilder.doRequest(RestAssuredHttpBuilder.java:141)
at io.restassured.internal.http.HTTPBuilder.doRequest(HTTPBuilder.java:496)
at io.restassured.internal.http.HTTPBuilder.request(HTTPBuilder.java:453)
at io.restassured.internal.http.HTTPBuilder$request$3.call(Unknown Source)
at org.codehaus.groovy.runtime.callsite.CallSiteArray.defaultCall(CallSiteArray.java:46)
at org.codehaus.groovy.runtime.callsite.AbstractCallSite.call(AbstractCallSite.java:125)
at org.codehaus.groovy.runtime.callsite.AbstractCallSite.call(AbstractCallSite.java:166)
at io.restassured.internal.RequestSpecificationImpl.sendHttpRequest(RequestSpecificationImpl.groovy:1480)
at io.restassured.internal.RequestSpecificationImpl.this$2$sendHttpRequest(RequestSpecificationImpl.groovy)
at sun.reflect.NativeMethodAccessorImpl.invoke0(Native Method)
at sun.reflect.NativeMethodAccessorImpl.invoke(Unknown Source)
at sun.reflect.DelegatingMethodAccessorImpl.invoke(Unknown Source)
at java.lang.reflect.Method.invoke(Unknown Source)
at org.codehaus.groovy.reflection.CachedMethod.invoke(CachedMethod.java:343)
at groovy.lang.MetaMethod.doMethodInvoke(MetaMethod.java:328)
at groovy.lang.MetaClassImpl.doInvokeMethod(MetaClassImpl.java:1369)
at groovy.lang.MetaClassImpl.invokeMethod(MetaClassImpl.java:1103)
at groovy.lang.MetaClassImpl.invokeMethod(MetaClassImpl.java:1009)
at groovy.lang.MetaClassImpl.invokeMethod(MetaClassImpl.java:792)
at io.restassured.internal.RequestSpecificationImpl.invokeMethod(RequestSpecificationImpl.groovy)
at org.codehaus.groovy.runtime.callsite.PogoInterceptableSite.call(PogoInterceptableSite.java:46)
at org.codehaus.groovy.runtime.callsite.PogoInterceptableSite.callCurrent(PogoInterceptableSite.java:57)
at org.codehaus.groovy.runtime.callsite.CallSiteArray.defaultCallCurrent(CallSiteArray.java:50)
at org.codehaus.groovy.runtime.callsite.AbstractCallSite.callCurrent(AbstractCallSite.java:171)
at io.restassured.internal.RequestSpecificationImpl.sendRequest(RequestSpecificationImpl.groovy:1229)
at io.restassured.internal.RequestSpecificationImpl.this$2$sendRequest(RequestSpecificationImpl.groovy)
at sun.reflect.NativeMethodAccessorImpl.invoke0(Native Method)
at sun.reflect.NativeMethodAccessorImpl.invoke(Unknown Source)
at sun.reflect.DelegatingMethodAccessorImpl.invoke(Unknown Source)
at java.lang.reflect.Method.invoke(Unknown Source)
at org.codehaus.groovy.reflection.CachedMethod.invoke(CachedMethod.java:343)
at groovy.lang.MetaMethod.doMethodInvoke(MetaMethod.java:328)
at groovy.lang.MetaClassImpl.doInvokeMethod(MetaClassImpl.java:1369)
at groovy.lang.MetaClassImpl.invokeMethod(MetaClassImpl.java:1103)
at groovy.lang.MetaClassImpl.invokeMethod(MetaClassImpl.java:1009)
at groovy.lang.MetaClassImpl.invokeMethod(MetaClassImpl.java:792)
at io.restassured.internal.RequestSpecificationImpl.invokeMethod(RequestSpecificationImpl.groovy)
at org.codehaus.groovy.runtime.callsite.PogoInterceptableSite.call(PogoInterceptableSite.java:46)
at org.codehaus.groovy.runtime.callsite.AbstractCallSite.call(AbstractCallSite.java:166)
at io.restassured.internal.filter.SendRequestFilter.filter(SendRequestFilter.groovy:30)
at io.restassured.filter.Filter$filter.call(Unknown Source)
at org.codehaus.groovy.runtime.callsite.CallSiteArray.defaultCall(CallSiteArray.java:46)
at io.restassured.filter.Filter$filter$0.call(Unknown Source)
at io.restassured.internal.filter.FilterContextImpl.next(FilterContextImpl.groovy:72)
at io.restassured.filter.time.TimingFilter.filter(TimingFilter.java:56)
at io.restassured.filter.Filter$filter$0.call(Unknown Source)
at org.codehaus.groovy.runtime.callsite.CallSiteArray.defaultCall(CallSiteArray.java:46)
at io.restassured.filter.Filter$filter.call(Unknown Source)
at io.restassured.internal.filter.FilterContextImpl.next(FilterContextImpl.groovy:72)
at io.restassured.filter.FilterContext$next.call(Unknown Source)
at io.restassured.internal.filter.CsrfFilter.filter(CsrfFilter.groovy:72)
at io.restassured.filter.Filter$filter.call(Unknown Source)
at org.codehaus.groovy.runtime.callsite.CallSiteArray.defaultCall(CallSiteArray.java:46)
at io.restassured.filter.Filter$filter.call(Unknown Source)
at io.restassured.internal.filter.FilterContextImpl.next(FilterContextImpl.groovy:72)
at io.restassured.filter.FilterContext$next.call(Unknown Source)
at io.restassured.internal.RequestSpecificationImpl.applyPathParamsAndSendRequest(RequestSpecificationImpl.groovy:1704)
at io.restassured.internal.RequestSpecificationImpl.this$2$applyPathParamsAndSendRequest(RequestSpecificationImpl.groovy)
at sun.reflect.NativeMethodAccessorImpl.invoke0(Native Method)
at sun.reflect.NativeMethodAccessorImpl.invoke(Unknown Source)
at sun.reflect.DelegatingMethodAccessorImpl.invoke(Unknown Source)
at java.lang.reflect.Method.invoke(Unknown Source)
at org.codehaus.groovy.reflection.CachedMethod.invoke(CachedMethod.java:343)
at groovy.lang.MetaMethod.doMethodInvoke(MetaMethod.java:328)
at groovy.lang.MetaClassImpl.doInvokeMethod(MetaClassImpl.java:1369)
at groovy.lang.MetaClassImpl.invokeMethod(MetaClassImpl.java:1103)
at groovy.lang.MetaClassImpl.invokeMethod(MetaClassImpl.java:1009)
at groovy.lang.MetaClassImpl.invokeMethod(MetaClassImpl.java:792)
at io.restassured.internal.RequestSpecificationImpl.invokeMethod(RequestSpecificationImpl.groovy)
at org.codehaus.groovy.runtime.callsite.PogoInterceptableSite.call(PogoInterceptableSite.java:46)
at org.codehaus.groovy.runtime.callsite.PogoInterceptableSite.callCurrent(PogoInterceptableSite.java:57)
at org.codehaus.groovy.runtime.callsite.AbstractCallSite.callCurrent(AbstractCallSite.java:203)
at io.restassured.internal.RequestSpecificationImpl.applyPathParamsAndSendRequest(RequestSpecificationImpl.groovy:1710)
at io.restassured.internal.RequestSpecificationImpl.this$2$applyPathParamsAndSendRequest(RequestSpecificationImpl.groovy)
at sun.reflect.NativeMethodAccessorImpl.invoke0(Native Method)
at sun.reflect.NativeMethodAccessorImpl.invoke(Unknown Source)
at sun.reflect.DelegatingMethodAccessorImpl.invoke(Unknown Source)
at java.lang.reflect.Method.invoke(Unknown Source)
at org.codehaus.groovy.reflection.CachedMethod.invoke(CachedMethod.java:343)
at groovy.lang.MetaMethod.doMethodInvoke(MetaMethod.java:328)
at groovy.lang.MetaClassImpl.doInvokeMethod(MetaClassImpl.java:1369)
at groovy.lang.MetaClassImpl.invokeMethod(MetaClassImpl.java:1103)
at groovy.lang.MetaClassImpl.invokeMethod(MetaClassImpl.java:1009)
at groovy.lang.MetaClassImpl.invokeMethod(MetaClassImpl.java:792)
at io.restassured.internal.RequestSpecificationImpl.invokeMethod(RequestSpecificationImpl.groovy)
at org.codehaus.groovy.runtime.callsite.PogoInterceptableSite.call(PogoInterceptableSite.java:46)
at org.codehaus.groovy.runtime.callsite.PogoInterceptableSite.callCurrent(PogoInterceptableSite.java:57)
at org.codehaus.groovy.runtime.callsite.CallSiteArray.defaultCallCurrent(CallSiteArray.java:50)
at org.codehaus.groovy.runtime.callsite.AbstractCallSite.callCurrent(AbstractCallSite.java:171)
at org.codehaus.groovy.runtime.callsite.AbstractCallSite.callCurrent(AbstractCallSite.java:203)
at io.restassured.internal.RequestSpecificationImpl.put(RequestSpecificationImpl.groovy:180)
at io.restassured.internal.RequestSpecificationImpl.put(RequestSpecificationImpl.groovy)
at com.rest.steps.Traveltaxsteps.i_request_to_create_a_travel_info(Traveltaxsteps.java:265)
at ✽.I request to create a travel info(file:///C:/Users/divyabharathi.t/Desktop/Travel-Tax%20Restful%20API/Restassured/Features/Traveltax_Feature.feature:31)
]]>
    </failure>
  </testcase> <!-- runScenario -->
  <testcase name="runScenario" time="21.168" classname="io.cucumber.testng.AbstractTestNGCucumberTests">
    <failure type="java.net.ConnectException" message="Connection timed out: connect">
      <![CDATA[java.net.ConnectException: Connection timed out: connect
at java.net.DualStackPlainSocketImpl.connect0(Native Method)
at java.net.DualStackPlainSocketImpl.socketConnect(Unknown Source)
at java.net.AbstractPlainSocketImpl.doConnect(Unknown Source)
at java.net.AbstractPlainSocketImpl.connectToAddress(Unknown Source)
at java.net.AbstractPlainSocketImpl.connect(Unknown Source)
at java.net.PlainSocketImpl.connect(Unknown Source)
at java.net.SocksSocketImpl.connect(Unknown Source)
at java.net.Socket.connect(Unknown Source)
at org.apache.http.conn.ssl.SSLSocketFactory.connectSocket(SSLSocketFactory.java:543)
at org.apache.http.conn.ssl.SSLSocketFactory.connectSocket(SSLSocketFactory.java:415)
at org.apache.http.impl.conn.DefaultClientConnectionOperator.openConnection(DefaultClientConnectionOperator.java:180)
at org.apache.http.impl.conn.ManagedClientConnectionImpl.open(ManagedClientConnectionImpl.java:326)
at org.apache.http.impl.client.DefaultRequestDirector.tryConnect(DefaultRequestDirector.java:605)
at org.apache.http.impl.client.DefaultRequestDirector.execute(DefaultRequestDirector.java:440)
at org.apache.http.impl.client.AbstractHttpClient.doExecute(AbstractHttpClient.java:835)
at org.apache.http.impl.client.CloseableHttpClient.execute(CloseableHttpClient.java:83)
at io.restassured.internal.RestAssuredHttpBuilder.doRequest(RestAssuredHttpBuilder.java:141)
at io.restassured.internal.http.HTTPBuilder.doRequest(HTTPBuilder.java:496)
at io.restassured.internal.http.HTTPBuilder.request(HTTPBuilder.java:453)
at io.restassured.internal.http.HTTPBuilder$request$3.call(Unknown Source)
at io.restassured.internal.RequestSpecificationImpl.sendHttpRequest(RequestSpecificationImpl.groovy:1480)
at io.restassured.internal.RequestSpecificationImpl.this$2$sendHttpRequest(RequestSpecificationImpl.groovy)
at sun.reflect.NativeMethodAccessorImpl.invoke0(Native Method)
at sun.reflect.NativeMethodAccessorImpl.invoke(Unknown Source)
at sun.reflect.DelegatingMethodAccessorImpl.invoke(Unknown Source)
at java.lang.reflect.Method.invoke(Unknown Source)
at org.codehaus.groovy.reflection.CachedMethod.invoke(CachedMethod.java:343)
at groovy.lang.MetaMethod.doMethodInvoke(MetaMethod.java:328)
at groovy.lang.MetaClassImpl.doInvokeMethod(MetaClassImpl.java:1369)
at groovy.lang.MetaClassImpl.invokeMethod(MetaClassImpl.java:1103)
at groovy.lang.MetaClassImpl.invokeMethod(MetaClassImpl.java:1009)
at groovy.lang.MetaClassImpl.invokeMethod(MetaClassImpl.java:792)
at io.restassured.internal.RequestSpecificationImpl.invokeMethod(RequestSpecificationImpl.groovy)
at org.codehaus.groovy.runtime.callsite.PogoInterceptableSite.call(PogoInterceptableSite.java:46)
at org.codehaus.groovy.runtime.callsite.PogoInterceptableSite.callCurrent(PogoInterceptableSite.java:57)
at io.restassured.internal.RequestSpecificationImpl.sendRequest(RequestSpecificationImpl.groovy:1229)
at io.restassured.internal.RequestSpecificationImpl.this$2$sendRequest(RequestSpecificationImpl.groovy)
at sun.reflect.NativeMethodAccessorImpl.invoke0(Native Method)
at sun.reflect.NativeMethodAccessorImpl.invoke(Unknown Source)
at sun.reflect.DelegatingMethodAccessorImpl.invoke(Unknown Source)
at java.lang.reflect.Method.invoke(Unknown Source)
at org.codehaus.groovy.reflection.CachedMethod.invoke(CachedMethod.java:343)
at groovy.lang.MetaMethod.doMethodInvoke(MetaMethod.java:328)
at groovy.lang.MetaClassImpl.doInvokeMethod(MetaClassImpl.java:1369)
at groovy.lang.MetaClassImpl.invokeMethod(MetaClassImpl.java:1103)
at groovy.lang.MetaClassImpl.invokeMethod(MetaClassImpl.java:1009)
at groovy.lang.MetaClassImpl.invokeMethod(MetaClassImpl.java:792)
at io.restassured.internal.RequestSpecificationImpl.invokeMethod(RequestSpecificationImpl.groovy)
at org.codehaus.groovy.runtime.callsite.PogoInterceptableSite.call(PogoInterceptableSite.java:46)
at org.codehaus.groovy.runtime.callsite.AbstractCallSite.call(AbstractCallSite.java:166)
at io.restassured.internal.filter.SendRequestFilter.filter(SendRequestFilter.groovy:30)
at io.restassured.filter.Filter$filter.call(Unknown Source)
at org.codehaus.groovy.runtime.callsite.CallSiteArray.defaultCall(CallSiteArray.java:46)
at io.restassured.filter.Filter$filter$0.call(Unknown Source)
at io.restassured.internal.filter.FilterContextImpl.next(FilterContextImpl.groovy:72)
at io.restassured.filter.time.TimingFilter.filter(TimingFilter.java:56)
at io.restassured.filter.Filter$filter$0.call(Unknown Source)
at org.codehaus.groovy.runtime.callsite.CallSiteArray.defaultCall(CallSiteArray.java:46)
at io.restassured.filter.Filter$filter.call(Unknown Source)
at io.restassured.internal.filter.FilterContextImpl.next(FilterContextImpl.groovy:72)
at io.restassured.filter.FilterContext$next.call(Unknown Source)
at io.restassured.internal.filter.CsrfFilter.filter(CsrfFilter.groovy:72)
at io.restassured.filter.Filter$filter.call(Unknown Source)
at org.codehaus.groovy.runtime.callsite.CallSiteArray.defaultCall(CallSiteArray.java:46)
at io.restassured.filter.Filter$filter.call(Unknown Source)
at io.restassured.internal.filter.FilterContextImpl.next(FilterContextImpl.groovy:72)
at io.restassured.filter.FilterContext$next.call(Unknown Source)
at io.restassured.internal.RequestSpecificationImpl.applyPathParamsAndSendRequest(RequestSpecificationImpl.groovy:1704)
at io.restassured.internal.RequestSpecificationImpl.this$2$applyPathParamsAndSendRequest(RequestSpecificationImpl.groovy)
at sun.reflect.NativeMethodAccessorImpl.invoke0(Native Method)
at sun.reflect.NativeMethodAccessorImpl.invoke(Unknown Source)
at sun.reflect.DelegatingMethodAccessorImpl.invoke(Unknown Source)
at java.lang.reflect.Method.invoke(Unknown Source)
at org.codehaus.groovy.reflection.CachedMethod.invoke(CachedMethod.java:343)
at groovy.lang.MetaMethod.doMethodInvoke(MetaMethod.java:328)
at groovy.lang.MetaClassImpl.doInvokeMethod(MetaClassImpl.java:1369)
at groovy.lang.MetaClassImpl.invokeMethod(MetaClassImpl.java:1103)
at groovy.lang.MetaClassImpl.invokeMethod(MetaClassImpl.java:1009)
at groovy.lang.MetaClassImpl.invokeMethod(MetaClassImpl.java:792)
at io.restassured.internal.RequestSpecificationImpl.invokeMethod(RequestSpecificationImpl.groovy)
at org.codehaus.groovy.runtime.callsite.PogoInterceptableSite.call(PogoInterceptableSite.java:46)
at org.codehaus.groovy.runtime.callsite.PogoInterceptableSite.callCurrent(PogoInterceptableSite.java:57)
at org.codehaus.groovy.runtime.callsite.AbstractCallSite.callCurrent(AbstractCallSite.java:203)
at io.restassured.internal.RequestSpecificationImpl.applyPathParamsAndSendRequest(RequestSpecificationImpl.groovy:1710)
at io.restassured.internal.RequestSpecificationImpl.this$2$applyPathParamsAndSendRequest(RequestSpecificationImpl.groovy)
at sun.reflect.NativeMethodAccessorImpl.invoke0(Native Method)
at sun.reflect.NativeMethodAccessorImpl.invoke(Unknown Source)
at sun.reflect.DelegatingMethodAccessorImpl.invoke(Unknown Source)
at java.lang.reflect.Method.invoke(Unknown Source)
at org.codehaus.groovy.reflection.CachedMethod.invoke(CachedMethod.java:343)
at groovy.lang.MetaMethod.doMethodInvoke(MetaMethod.java:328)
at groovy.lang.MetaClassImpl.doInvokeMethod(MetaClassImpl.java:1369)
at groovy.lang.MetaClassImpl.invokeMethod(MetaClassImpl.java:1103)
at groovy.lang.MetaClassImpl.invokeMethod(MetaClassImpl.java:1009)
at groovy.lang.MetaClassImpl.invokeMethod(MetaClassImpl.java:792)
at io.restassured.internal.RequestSpecificationImpl.invokeMethod(RequestSpecificationImpl.groovy)
at org.codehaus.groovy.runtime.callsite.PogoInterceptableSite.call(PogoInterceptableSite.java:46)
at org.codehaus.groovy.runtime.callsite.PogoInterceptableSite.callCurrent(PogoInterceptableSite.java:57)
at org.codehaus.groovy.runtime.callsite.CallSiteArray.defaultCallCurrent(CallSiteArray.java:50)
at org.codehaus.groovy.runtime.callsite.AbstractCallSite.callCurrent(AbstractCallSite.java:171)
at org.codehaus.groovy.runtime.callsite.AbstractCallSite.callCurrent(AbstractCallSite.java:203)
at io.restassured.internal.RequestSpecificationImpl.get(RequestSpecificationImpl.groovy:172)
at io.restassured.internal.RequestSpecificationImpl.get(RequestSpecificationImpl.groovy)
at com.rest.steps.Traveltaxsteps.i_request_to_get_all_travel_records(Traveltaxsteps.java:315)
at ✽.I request to get all travel records(file:///C:/Users/divyabharathi.t/Desktop/Travel-Tax%20Restful%20API/Restassured/Features/Traveltax_Feature.feature:39)
]]>
    </failure>
  </testcase> <!-- runScenario -->
  <testcase name="runScenario" time="0.048" classname="io.cucumber.testng.AbstractTestNGCucumberTests">
    <failure type="java.lang.IllegalArgumentException" message="firstParameterValue cannot be null">
      <![CDATA[java.lang.IllegalArgumentException: firstParameterValue cannot be null
at sun.reflect.NativeConstructorAccessorImpl.newInstance0(Native Method)
at sun.reflect.NativeConstructorAccessorImpl.newInstance(Unknown Source)
at sun.reflect.DelegatingConstructorAccessorImpl.newInstance(Unknown Source)
at java.lang.reflect.Constructor.newInstance(Unknown Source)
at org.codehaus.groovy.reflection.CachedConstructor.invoke(CachedConstructor.java:73)
at org.codehaus.groovy.reflection.CachedConstructor.doConstructorInvoke(CachedConstructor.java:60)
at org.codehaus.groovy.runtime.callsite.ConstructorSite$ConstructorSiteNoUnwrap.callConstructor(ConstructorSite.java:86)
at org.codehaus.groovy.runtime.callsite.CallSiteArray.defaultCallConstructor(CallSiteArray.java:58)
at org.codehaus.groovy.runtime.callsite.AbstractCallSite.callConstructor(AbstractCallSite.java:263)
at org.codehaus.groovy.runtime.callsite.AbstractCallSite.callConstructor(AbstractCallSite.java:277)
at io.restassured.internal.common.assertion.AssertParameter.notNull(AssertParameter.groovy:26)
at io.restassured.internal.common.assertion.AssertParameter$notNull.callStatic(Unknown Source)
at org.codehaus.groovy.runtime.callsite.CallSiteArray.defaultCallStatic(CallSiteArray.java:54)
at org.codehaus.groovy.runtime.callsite.AbstractCallSite.callStatic(AbstractCallSite.java:217)
at org.codehaus.groovy.runtime.callsite.AbstractCallSite.callStatic(AbstractCallSite.java:240)
at io.restassured.internal.RequestSpecificationImpl.queryParams(RequestSpecificationImpl.groovy:461)
at com.rest.steps.Traveltaxsteps.i_request_to_delete_a_record(Traveltaxsteps.java:377)
at ✽.I request to delete a record(file:///C:/Users/divyabharathi.t/Desktop/Travel-Tax%20Restful%20API/Restassured/Features/Traveltax_Feature.feature:47)
]]>
    </failure>
  </testcase> <!-- runScenario -->
  <testcase name="runScenario" time="0.347" classname="io.cucumber.testng.AbstractTestNGCucumberTests"/>
</testsuite> <!-- Default test -->
