<?xml version="1.0" encoding="UTF-8"?>
<testng-results skipped="0" failed="6" ignored="0" total="7" passed="1">
  <reporter-output>
  </reporter-output>
  <suite name="Default suite" duration-ms="109241" started-at="2023-06-29T05:24:09Z" finished-at="2023-06-29T05:25:58Z">
    <groups>
      <group name="cucumber">
        <method signature="AbstractTestNGCucumberTests.runScenario(io.cucumber.testng.PickleWrapper, io.cucumber.testng.FeatureWrapper)[pri:0, instance:com.runner.Runner@544fe44c]" name="runScenario" class="io.cucumber.testng.AbstractTestNGCucumberTests"/>
      </group> <!-- cucumber -->
    </groups>
    <test name="Default test" duration-ms="109241" started-at="2023-06-29T05:24:09Z" finished-at="2023-06-29T05:25:58Z">
      <class name="com.runner.Runner">
        <test-method status="PASS" signature="setUpClass(org.testng.ITestContext)[pri:0, instance:com.runner.Runner@544fe44c]" name="setUpClass" is-config="true" duration-ms="316" started-at="2023-06-29T05:24:09Z" finished-at="2023-06-29T05:24:09Z">
          <params>
            <param index="0">
              <value>
                <![CDATA[org.testng.TestRunner@597f0937]]>
              </value>
            </param>
          </params>
          <reporter-output>
          </reporter-output>
        </test-method> <!-- setUpClass -->
        <test-method status="FAIL" signature="runScenario(io.cucumber.testng.PickleWrapper, io.cucumber.testng.FeatureWrapper)[pri:0, instance:com.runner.Runner@544fe44c]" name="runScenario" duration-ms="23769" started-at="2023-06-29T05:24:09Z" description="Runs Cucumber Scenarios" data-provider="scenarios" finished-at="2023-06-29T05:24:33Z">
          <params>
            <param index="0">
              <value>
                <![CDATA["User registers an account"]]>
              </value>
            </param>
            <param index="1">
              <value>
                <![CDATA["Optional[To validate CRUD operations]"]]>
              </value>
            </param>
          </params>
          <exception class="java.net.ConnectException">
            <message>
              <![CDATA[Connection timed out: connect]]>
            </message>
            <full-stacktrace>
              <![CDATA[java.net.ConnectException: Connection timed out: connect
at java.net.DualStackPlainSocketImpl.connect0(Native Method)
at java.net.DualStackPlainSocketImpl.socketConnect(Unknown Source)
at java.net.AbstractPlainSocketImpl.doConnect(Unknown Source)
at java.net.AbstractPlainSocketImpl.connectToAddress(Unknown Source)
at java.net.AbstractPlainSocketImpl.connect(Unknown Source)
at java.net.PlainSocketImpl.connect(Unknown Source)
at java.net.SocksSocketImpl.connect(Unknown Source)
at java.net.Socket.connect(Unknown Source)
at org.apache.http.conn.ssl.SSLSocketFactory.connectSocket(SSLSocketFactory.java:543)
at org.apache.http.conn.ssl.SSLSocketFactory.connectSocket(SSLSocketFactory.java:415)
at org.apache.http.impl.conn.DefaultClientConnectionOperator.openConnection(DefaultClientConnectionOperator.java:180)
at org.apache.http.impl.conn.ManagedClientConnectionImpl.open(ManagedClientConnectionImpl.java:326)
at org.apache.http.impl.client.DefaultRequestDirector.tryConnect(DefaultRequestDirector.java:605)
at org.apache.http.impl.client.DefaultRequestDirector.execute(DefaultRequestDirector.java:440)
at org.apache.http.impl.client.AbstractHttpClient.doExecute(AbstractHttpClient.java:835)
at org.apache.http.impl.client.CloseableHttpClient.execute(CloseableHttpClient.java:83)
at io.restassured.internal.RestAssuredHttpBuilder.doRequest(RestAssuredHttpBuilder.java:141)
at io.restassured.internal.http.HTTPBuilder.post(HTTPBuilder.java:349)
at io.restassured.internal.http.HTTPBuilder$post$2.call(Unknown Source)
at org.codehaus.groovy.runtime.callsite.CallSiteArray.defaultCall(CallSiteArray.java:46)
at org.codehaus.groovy.runtime.callsite.AbstractCallSite.call(AbstractCallSite.java:125)
at org.codehaus.groovy.runtime.callsite.AbstractCallSite.call(AbstractCallSite.java:148)
at io.restassured.internal.RequestSpecificationImpl.sendRequest(RequestSpecificationImpl.groovy:1209)
at io.restassured.internal.RequestSpecificationImpl.this$2$sendRequest(RequestSpecificationImpl.groovy)
at sun.reflect.NativeMethodAccessorImpl.invoke0(Native Method)
at sun.reflect.NativeMethodAccessorImpl.invoke(Unknown Source)
at sun.reflect.DelegatingMethodAccessorImpl.invoke(Unknown Source)
at java.lang.reflect.Method.invoke(Unknown Source)
at org.codehaus.groovy.reflection.CachedMethod.invoke(CachedMethod.java:343)
at groovy.lang.MetaMethod.doMethodInvoke(MetaMethod.java:328)
at groovy.lang.MetaClassImpl.doInvokeMethod(MetaClassImpl.java:1369)
at groovy.lang.MetaClassImpl.invokeMethod(MetaClassImpl.java:1103)
at groovy.lang.MetaClassImpl.invokeMethod(MetaClassImpl.java:1009)
at groovy.lang.MetaClassImpl.invokeMethod(MetaClassImpl.java:792)
at io.restassured.internal.RequestSpecificationImpl.invokeMethod(RequestSpecificationImpl.groovy)
at org.codehaus.groovy.runtime.callsite.PogoInterceptableSite.call(PogoInterceptableSite.java:46)
at org.codehaus.groovy.runtime.callsite.CallSiteArray.defaultCall(CallSiteArray.java:46)
at org.codehaus.groovy.runtime.callsite.AbstractCallSite.call(AbstractCallSite.java:125)
at org.codehaus.groovy.runtime.callsite.AbstractCallSite.call(AbstractCallSite.java:166)
at io.restassured.internal.filter.SendRequestFilter.filter(SendRequestFilter.groovy:30)
at io.restassured.filter.Filter$filter.call(Unknown Source)
at org.codehaus.groovy.runtime.callsite.CallSiteArray.defaultCall(CallSiteArray.java:46)
at io.restassured.filter.Filter$filter$0.call(Unknown Source)
at io.restassured.internal.filter.FilterContextImpl.next(FilterContextImpl.groovy:72)
at io.restassured.filter.time.TimingFilter.filter(TimingFilter.java:56)
at io.restassured.filter.Filter$filter$0.call(Unknown Source)
at org.codehaus.groovy.runtime.callsite.CallSiteArray.defaultCall(CallSiteArray.java:46)
at io.restassured.filter.Filter$filter.call(Unknown Source)
at io.restassured.internal.filter.FilterContextImpl.next(FilterContextImpl.groovy:72)
at io.restassured.filter.FilterContext$next.call(Unknown Source)
at org.codehaus.groovy.runtime.callsite.CallSiteArray.defaultCall(CallSiteArray.java:46)
at org.codehaus.groovy.runtime.callsite.AbstractCallSite.call(AbstractCallSite.java:125)
at org.codehaus.groovy.runtime.callsite.AbstractCallSite.call(AbstractCallSite.java:148)
at io.restassured.internal.filter.CsrfFilter.filter(CsrfFilter.groovy:72)
at io.restassured.filter.Filter$filter.call(Unknown Source)
at org.codehaus.groovy.runtime.callsite.CallSiteArray.defaultCall(CallSiteArray.java:46)
at org.codehaus.groovy.runtime.callsite.AbstractCallSite.call(AbstractCallSite.java:125)
at org.codehaus.groovy.runtime.callsite.AbstractCallSite.call(AbstractCallSite.java:157)
at io.restassured.internal.filter.FilterContextImpl.next(FilterContextImpl.groovy:72)
at io.restassured.filter.FilterContext$next.call(Unknown Source)
at org.codehaus.groovy.runtime.callsite.CallSiteArray.defaultCall(CallSiteArray.java:46)
at org.codehaus.groovy.runtime.callsite.AbstractCallSite.call(AbstractCallSite.java:125)
at org.codehaus.groovy.runtime.callsite.AbstractCallSite.call(AbstractCallSite.java:148)
at io.restassured.internal.RequestSpecificationImpl.applyPathParamsAndSendRequest(RequestSpecificationImpl.groovy:1704)
at io.restassured.internal.RequestSpecificationImpl.this$2$applyPathParamsAndSendRequest(RequestSpecificationImpl.groovy)
at sun.reflect.NativeMethodAccessorImpl.invoke0(Native Method)
at sun.reflect.NativeMethodAccessorImpl.invoke(Unknown Source)
at sun.reflect.DelegatingMethodAccessorImpl.invoke(Unknown Source)
at java.lang.reflect.Method.invoke(Unknown Source)
at org.codehaus.groovy.reflection.CachedMethod.invoke(CachedMethod.java:343)
at groovy.lang.MetaMethod.doMethodInvoke(MetaMethod.java:328)
at groovy.lang.MetaClassImpl.doInvokeMethod(MetaClassImpl.java:1369)
at groovy.lang.MetaClassImpl.invokeMethod(MetaClassImpl.java:1103)
at groovy.lang.MetaClassImpl.invokeMethod(MetaClassImpl.java:1009)
at groovy.lang.MetaClassImpl.invokeMethod(MetaClassImpl.java:792)
at io.restassured.internal.RequestSpecificationImpl.invokeMethod(RequestSpecificationImpl.groovy)
at org.codehaus.groovy.runtime.callsite.PogoInterceptableSite.call(PogoInterceptableSite.java:46)
at org.codehaus.groovy.runtime.callsite.PogoInterceptableSite.callCurrent(PogoInterceptableSite.java:57)
at org.codehaus.groovy.runtime.callsite.CallSiteArray.defaultCallCurrent(CallSiteArray.java:50)
at org.codehaus.groovy.runtime.callsite.AbstractCallSite.callCurrent(AbstractCallSite.java:171)
at org.codehaus.groovy.runtime.callsite.AbstractCallSite.callCurrent(AbstractCallSite.java:203)
at io.restassured.internal.RequestSpecificationImpl.applyPathParamsAndSendRequest(RequestSpecificationImpl.groovy:1710)
at io.restassured.internal.RequestSpecificationImpl.this$2$applyPathParamsAndSendRequest(RequestSpecificationImpl.groovy)
at sun.reflect.NativeMethodAccessorImpl.invoke0(Native Method)
at sun.reflect.NativeMethodAccessorImpl.invoke(Unknown Source)
at sun.reflect.DelegatingMethodAccessorImpl.invoke(Unknown Source)
at java.lang.reflect.Method.invoke(Unknown Source)
at org.codehaus.groovy.reflection.CachedMethod.invoke(CachedMethod.java:343)
at groovy.lang.MetaMethod.doMethodInvoke(MetaMethod.java:328)
at groovy.lang.MetaClassImpl.doInvokeMethod(MetaClassImpl.java:1369)
at groovy.lang.MetaClassImpl.invokeMethod(MetaClassImpl.java:1103)
at groovy.lang.MetaClassImpl.invokeMethod(MetaClassImpl.java:1009)
at groovy.lang.MetaClassImpl.invokeMethod(MetaClassImpl.java:792)
at io.restassured.internal.RequestSpecificationImpl.invokeMethod(RequestSpecificationImpl.groovy)
at org.codehaus.groovy.runtime.callsite.PogoInterceptableSite.call(PogoInterceptableSite.java:46)
at org.codehaus.groovy.runtime.callsite.PogoInterceptableSite.callCurrent(PogoInterceptableSite.java:57)
at org.codehaus.groovy.runtime.callsite.CallSiteArray.defaultCallCurrent(CallSiteArray.java:50)
at org.codehaus.groovy.runtime.callsite.AbstractCallSite.callCurrent(AbstractCallSite.java:171)
at org.codehaus.groovy.runtime.callsite.AbstractCallSite.callCurrent(AbstractCallSite.java:203)
at io.restassured.internal.RequestSpecificationImpl.post(RequestSpecificationImpl.groovy:176)
at io.restassured.internal.RequestSpecificationImpl.post(RequestSpecificationImpl.groovy)
at com.rest.steps.Traveltaxsteps.i_post_the_register_payload_request(Traveltaxsteps.java:80)
at ✽.I post the register payload request(file:///C:/Users/divyabharathi.t/Desktop/Travel-Tax%20Restful%20API/Restassured/Features/Traveltax_Feature.feature:7)
]]>
            </full-stacktrace>
          </exception> <!-- java.net.ConnectException -->
          <reporter-output>
          </reporter-output>
        </test-method> <!-- runScenario -->
        <test-method status="FAIL" signature="runScenario(io.cucumber.testng.PickleWrapper, io.cucumber.testng.FeatureWrapper)[pri:0, instance:com.runner.Runner@544fe44c]" name="runScenario" duration-ms="21137" started-at="2023-06-29T05:24:33Z" description="Runs Cucumber Scenarios" data-provider="scenarios" finished-at="2023-06-29T05:24:54Z">
          <params>
            <param index="0">
              <value>
                <![CDATA["User creates a new password"]]>
              </value>
            </param>
            <param index="1">
              <value>
                <![CDATA["Optional[To validate CRUD operations]"]]>
              </value>
            </param>
          </params>
          <exception class="java.net.ConnectException">
            <message>
              <![CDATA[Connection timed out: connect]]>
            </message>
            <full-stacktrace>
              <![CDATA[java.net.ConnectException: Connection timed out: connect
at java.net.DualStackPlainSocketImpl.connect0(Native Method)
at java.net.DualStackPlainSocketImpl.socketConnect(Unknown Source)
at java.net.AbstractPlainSocketImpl.doConnect(Unknown Source)
at java.net.AbstractPlainSocketImpl.connectToAddress(Unknown Source)
at java.net.AbstractPlainSocketImpl.connect(Unknown Source)
at java.net.PlainSocketImpl.connect(Unknown Source)
at java.net.SocksSocketImpl.connect(Unknown Source)
at java.net.Socket.connect(Unknown Source)
at org.apache.http.conn.ssl.SSLSocketFactory.connectSocket(SSLSocketFactory.java:543)
at org.apache.http.conn.ssl.SSLSocketFactory.connectSocket(SSLSocketFactory.java:415)
at org.apache.http.impl.conn.DefaultClientConnectionOperator.openConnection(DefaultClientConnectionOperator.java:180)
at org.apache.http.impl.conn.ManagedClientConnectionImpl.open(ManagedClientConnectionImpl.java:326)
at org.apache.http.impl.client.DefaultRequestDirector.tryConnect(DefaultRequestDirector.java:605)
at org.apache.http.impl.client.DefaultRequestDirector.execute(DefaultRequestDirector.java:440)
at org.apache.http.impl.client.AbstractHttpClient.doExecute(AbstractHttpClient.java:835)
at org.apache.http.impl.client.CloseableHttpClient.execute(CloseableHttpClient.java:83)
at io.restassured.internal.RestAssuredHttpBuilder.doRequest(RestAssuredHttpBuilder.java:141)
at io.restassured.internal.http.HTTPBuilder.post(HTTPBuilder.java:349)
at io.restassured.internal.http.HTTPBuilder$post$2.call(Unknown Source)
at io.restassured.internal.RequestSpecificationImpl.sendRequest(RequestSpecificationImpl.groovy:1209)
at io.restassured.internal.RequestSpecificationImpl.this$2$sendRequest(RequestSpecificationImpl.groovy)
at sun.reflect.NativeMethodAccessorImpl.invoke0(Native Method)
at sun.reflect.NativeMethodAccessorImpl.invoke(Unknown Source)
at sun.reflect.DelegatingMethodAccessorImpl.invoke(Unknown Source)
at java.lang.reflect.Method.invoke(Unknown Source)
at org.codehaus.groovy.reflection.CachedMethod.invoke(CachedMethod.java:343)
at groovy.lang.MetaMethod.doMethodInvoke(MetaMethod.java:328)
at groovy.lang.MetaClassImpl.doInvokeMethod(MetaClassImpl.java:1369)
at groovy.lang.MetaClassImpl.invokeMethod(MetaClassImpl.java:1103)
at groovy.lang.MetaClassImpl.invokeMethod(MetaClassImpl.java:1009)
at groovy.lang.MetaClassImpl.invokeMethod(MetaClassImpl.java:792)
at io.restassured.internal.RequestSpecificationImpl.invokeMethod(RequestSpecificationImpl.groovy)
at org.codehaus.groovy.runtime.callsite.PogoInterceptableSite.call(PogoInterceptableSite.java:46)
at org.codehaus.groovy.runtime.callsite.AbstractCallSite.call(AbstractCallSite.java:166)
at io.restassured.internal.filter.SendRequestFilter.filter(SendRequestFilter.groovy:30)
at io.restassured.filter.Filter$filter.call(Unknown Source)
at org.codehaus.groovy.runtime.callsite.CallSiteArray.defaultCall(CallSiteArray.java:46)
at io.restassured.filter.Filter$filter$0.call(Unknown Source)
at io.restassured.internal.filter.FilterContextImpl.next(FilterContextImpl.groovy:72)
at io.restassured.filter.time.TimingFilter.filter(TimingFilter.java:56)
at io.restassured.filter.Filter$filter$0.call(Unknown Source)
at org.codehaus.groovy.runtime.callsite.CallSiteArray.defaultCall(CallSiteArray.java:46)
at io.restassured.filter.Filter$filter.call(Unknown Source)
at io.restassured.internal.filter.FilterContextImpl.next(FilterContextImpl.groovy:72)
at io.restassured.filter.FilterContext$next.call(Unknown Source)
at io.restassured.internal.filter.CsrfFilter.filter(CsrfFilter.groovy:72)
at io.restassured.filter.Filter$filter.call(Unknown Source)
at org.codehaus.groovy.runtime.callsite.CallSiteArray.defaultCall(CallSiteArray.java:46)
at io.restassured.filter.Filter$filter.call(Unknown Source)
at io.restassured.internal.filter.FilterContextImpl.next(FilterContextImpl.groovy:72)
at io.restassured.filter.FilterContext$next.call(Unknown Source)
at io.restassured.internal.RequestSpecificationImpl.applyPathParamsAndSendRequest(RequestSpecificationImpl.groovy:1704)
at io.restassured.internal.RequestSpecificationImpl.this$2$applyPathParamsAndSendRequest(RequestSpecificationImpl.groovy)
at sun.reflect.NativeMethodAccessorImpl.invoke0(Native Method)
at sun.reflect.NativeMethodAccessorImpl.invoke(Unknown Source)
at sun.reflect.DelegatingMethodAccessorImpl.invoke(Unknown Source)
at java.lang.reflect.Method.invoke(Unknown Source)
at org.codehaus.groovy.reflection.CachedMethod.invoke(CachedMethod.java:343)
at groovy.lang.MetaMethod.doMethodInvoke(MetaMethod.java:328)
at groovy.lang.MetaClassImpl.doInvokeMethod(MetaClassImpl.java:1369)
at groovy.lang.MetaClassImpl.invokeMethod(MetaClassImpl.java:1103)
at groovy.lang.MetaClassImpl.invokeMethod(MetaClassImpl.java:1009)
at groovy.lang.MetaClassImpl.invokeMethod(MetaClassImpl.java:792)
at io.restassured.internal.RequestSpecificationImpl.invokeMethod(RequestSpecificationImpl.groovy)
at org.codehaus.groovy.runtime.callsite.PogoInterceptableSite.call(PogoInterceptableSite.java:46)
at org.codehaus.groovy.runtime.callsite.PogoInterceptableSite.callCurrent(PogoInterceptableSite.java:57)
at org.codehaus.groovy.runtime.callsite.AbstractCallSite.callCurrent(AbstractCallSite.java:203)
at io.restassured.internal.RequestSpecificationImpl.applyPathParamsAndSendRequest(RequestSpecificationImpl.groovy:1710)
at io.restassured.internal.RequestSpecificationImpl.this$2$applyPathParamsAndSendRequest(RequestSpecificationImpl.groovy)
at sun.reflect.NativeMethodAccessorImpl.invoke0(Native Method)
at sun.reflect.NativeMethodAccessorImpl.invoke(Unknown Source)
at sun.reflect.DelegatingMethodAccessorImpl.invoke(Unknown Source)
at java.lang.reflect.Method.invoke(Unknown Source)
at org.codehaus.groovy.reflection.CachedMethod.invoke(CachedMethod.java:343)
at groovy.lang.MetaMethod.doMethodInvoke(MetaMethod.java:328)
at groovy.lang.MetaClassImpl.doInvokeMethod(MetaClassImpl.java:1369)
at groovy.lang.MetaClassImpl.invokeMethod(MetaClassImpl.java:1103)
at groovy.lang.MetaClassImpl.invokeMethod(MetaClassImpl.java:1009)
at groovy.lang.MetaClassImpl.invokeMethod(MetaClassImpl.java:792)
at io.restassured.internal.RequestSpecificationImpl.invokeMethod(RequestSpecificationImpl.groovy)
at org.codehaus.groovy.runtime.callsite.PogoInterceptableSite.call(PogoInterceptableSite.java:46)
at org.codehaus.groovy.runtime.callsite.PogoInterceptableSite.callCurrent(PogoInterceptableSite.java:57)
at org.codehaus.groovy.runtime.callsite.AbstractCallSite.callCurrent(AbstractCallSite.java:203)
at io.restassured.internal.RequestSpecificationImpl.post(RequestSpecificationImpl.groovy:176)
at io.restassured.internal.RequestSpecificationImpl.post(RequestSpecificationImpl.groovy)
at com.rest.steps.Traveltaxsteps.I_post_the_create_password_payload_request(Traveltaxsteps.java:137)
at ✽.I post the create password payload request(file:///C:/Users/divyabharathi.t/Desktop/Travel-Tax%20Restful%20API/Restassured/Features/Traveltax_Feature.feature:15)
]]>
            </full-stacktrace>
          </exception> <!-- java.net.ConnectException -->
          <reporter-output>
          </reporter-output>
        </test-method> <!-- runScenario -->
        <test-method status="FAIL" signature="runScenario(io.cucumber.testng.PickleWrapper, io.cucumber.testng.FeatureWrapper)[pri:0, instance:com.runner.Runner@544fe44c]" name="runScenario" duration-ms="21164" started-at="2023-06-29T05:24:54Z" description="Runs Cucumber Scenarios" data-provider="scenarios" finished-at="2023-06-29T05:25:15Z">
          <params>
            <param index="0">
              <value>
                <![CDATA["User Login with valid credentials"]]>
              </value>
            </param>
            <param index="1">
              <value>
                <![CDATA["Optional[To validate CRUD operations]"]]>
              </value>
            </param>
          </params>
          <exception class="java.net.ConnectException">
            <message>
              <![CDATA[Connection timed out: connect]]>
            </message>
            <full-stacktrace>
              <![CDATA[java.net.ConnectException: Connection timed out: connect
at java.net.DualStackPlainSocketImpl.connect0(Native Method)
at java.net.DualStackPlainSocketImpl.socketConnect(Unknown Source)
at java.net.AbstractPlainSocketImpl.doConnect(Unknown Source)
at java.net.AbstractPlainSocketImpl.connectToAddress(Unknown Source)
at java.net.AbstractPlainSocketImpl.connect(Unknown Source)
at java.net.PlainSocketImpl.connect(Unknown Source)
at java.net.SocksSocketImpl.connect(Unknown Source)
at java.net.Socket.connect(Unknown Source)
at org.apache.http.conn.ssl.SSLSocketFactory.connectSocket(SSLSocketFactory.java:543)
at org.apache.http.conn.ssl.SSLSocketFactory.connectSocket(SSLSocketFactory.java:415)
at org.apache.http.impl.conn.DefaultClientConnectionOperator.openConnection(DefaultClientConnectionOperator.java:180)
at org.apache.http.impl.conn.ManagedClientConnectionImpl.open(ManagedClientConnectionImpl.java:326)
at org.apache.http.impl.client.DefaultRequestDirector.tryConnect(DefaultRequestDirector.java:605)
at org.apache.http.impl.client.DefaultRequestDirector.execute(DefaultRequestDirector.java:440)
at org.apache.http.impl.client.AbstractHttpClient.doExecute(AbstractHttpClient.java:835)
at org.apache.http.impl.client.CloseableHttpClient.execute(CloseableHttpClient.java:83)
at io.restassured.internal.RestAssuredHttpBuilder.doRequest(RestAssuredHttpBuilder.java:141)
at io.restassured.internal.http.HTTPBuilder.post(HTTPBuilder.java:349)
at io.restassured.internal.http.HTTPBuilder$post$2.call(Unknown Source)
at io.restassured.internal.RequestSpecificationImpl.sendRequest(RequestSpecificationImpl.groovy:1209)
at io.restassured.internal.RequestSpecificationImpl.this$2$sendRequest(RequestSpecificationImpl.groovy)
at sun.reflect.NativeMethodAccessorImpl.invoke0(Native Method)
at sun.reflect.NativeMethodAccessorImpl.invoke(Unknown Source)
at sun.reflect.DelegatingMethodAccessorImpl.invoke(Unknown Source)
at java.lang.reflect.Method.invoke(Unknown Source)
at org.codehaus.groovy.reflection.CachedMethod.invoke(CachedMethod.java:343)
at groovy.lang.MetaMethod.doMethodInvoke(MetaMethod.java:328)
at groovy.lang.MetaClassImpl.doInvokeMethod(MetaClassImpl.java:1369)
at groovy.lang.MetaClassImpl.invokeMethod(MetaClassImpl.java:1103)
at groovy.lang.MetaClassImpl.invokeMethod(MetaClassImpl.java:1009)
at groovy.lang.MetaClassImpl.invokeMethod(MetaClassImpl.java:792)
at io.restassured.internal.RequestSpecificationImpl.invokeMethod(RequestSpecificationImpl.groovy)
at org.codehaus.groovy.runtime.callsite.PogoInterceptableSite.call(PogoInterceptableSite.java:46)
at org.codehaus.groovy.runtime.callsite.AbstractCallSite.call(AbstractCallSite.java:166)
at io.restassured.internal.filter.SendRequestFilter.filter(SendRequestFilter.groovy:30)
at io.restassured.filter.Filter$filter.call(Unknown Source)
at org.codehaus.groovy.runtime.callsite.CallSiteArray.defaultCall(CallSiteArray.java:46)
at io.restassured.filter.Filter$filter$0.call(Unknown Source)
at io.restassured.internal.filter.FilterContextImpl.next(FilterContextImpl.groovy:72)
at io.restassured.filter.time.TimingFilter.filter(TimingFilter.java:56)
at io.restassured.filter.Filter$filter$0.call(Unknown Source)
at org.codehaus.groovy.runtime.callsite.CallSiteArray.defaultCall(CallSiteArray.java:46)
at io.restassured.filter.Filter$filter.call(Unknown Source)
at io.restassured.internal.filter.FilterContextImpl.next(FilterContextImpl.groovy:72)
at io.restassured.filter.FilterContext$next.call(Unknown Source)
at io.restassured.internal.filter.CsrfFilter.filter(CsrfFilter.groovy:72)
at io.restassured.filter.Filter$filter.call(Unknown Source)
at org.codehaus.groovy.runtime.callsite.CallSiteArray.defaultCall(CallSiteArray.java:46)
at io.restassured.filter.Filter$filter.call(Unknown Source)
at io.restassured.internal.filter.FilterContextImpl.next(FilterContextImpl.groovy:72)
at io.restassured.filter.FilterContext$next.call(Unknown Source)
at io.restassured.internal.RequestSpecificationImpl.applyPathParamsAndSendRequest(RequestSpecificationImpl.groovy:1704)
at io.restassured.internal.RequestSpecificationImpl.this$2$applyPathParamsAndSendRequest(RequestSpecificationImpl.groovy)
at sun.reflect.NativeMethodAccessorImpl.invoke0(Native Method)
at sun.reflect.NativeMethodAccessorImpl.invoke(Unknown Source)
at sun.reflect.DelegatingMethodAccessorImpl.invoke(Unknown Source)
at java.lang.reflect.Method.invoke(Unknown Source)
at org.codehaus.groovy.reflection.CachedMethod.invoke(CachedMethod.java:343)
at groovy.lang.MetaMethod.doMethodInvoke(MetaMethod.java:328)
at groovy.lang.MetaClassImpl.doInvokeMethod(MetaClassImpl.java:1369)
at groovy.lang.MetaClassImpl.invokeMethod(MetaClassImpl.java:1103)
at groovy.lang.MetaClassImpl.invokeMethod(MetaClassImpl.java:1009)
at groovy.lang.MetaClassImpl.invokeMethod(MetaClassImpl.java:792)
at io.restassured.internal.RequestSpecificationImpl.invokeMethod(RequestSpecificationImpl.groovy)
at org.codehaus.groovy.runtime.callsite.PogoInterceptableSite.call(PogoInterceptableSite.java:46)
at org.codehaus.groovy.runtime.callsite.PogoInterceptableSite.callCurrent(PogoInterceptableSite.java:57)
at org.codehaus.groovy.runtime.callsite.AbstractCallSite.callCurrent(AbstractCallSite.java:203)
at io.restassured.internal.RequestSpecificationImpl.applyPathParamsAndSendRequest(RequestSpecificationImpl.groovy:1710)
at io.restassured.internal.RequestSpecificationImpl.this$2$applyPathParamsAndSendRequest(RequestSpecificationImpl.groovy)
at sun.reflect.NativeMethodAccessorImpl.invoke0(Native Method)
at sun.reflect.NativeMethodAccessorImpl.invoke(Unknown Source)
at sun.reflect.DelegatingMethodAccessorImpl.invoke(Unknown Source)
at java.lang.reflect.Method.invoke(Unknown Source)
at org.codehaus.groovy.reflection.CachedMethod.invoke(CachedMethod.java:343)
at groovy.lang.MetaMethod.doMethodInvoke(MetaMethod.java:328)
at groovy.lang.MetaClassImpl.doInvokeMethod(MetaClassImpl.java:1369)
at groovy.lang.MetaClassImpl.invokeMethod(MetaClassImpl.java:1103)
at groovy.lang.MetaClassImpl.invokeMethod(MetaClassImpl.java:1009)
at groovy.lang.MetaClassImpl.invokeMethod(MetaClassImpl.java:792)
at io.restassured.internal.RequestSpecificationImpl.invokeMethod(RequestSpecificationImpl.groovy)
at org.codehaus.groovy.runtime.callsite.PogoInterceptableSite.call(PogoInterceptableSite.java:46)
at org.codehaus.groovy.runtime.callsite.PogoInterceptableSite.callCurrent(PogoInterceptableSite.java:57)
at org.codehaus.groovy.runtime.callsite.AbstractCallSite.callCurrent(AbstractCallSite.java:203)
at io.restassured.internal.RequestSpecificationImpl.post(RequestSpecificationImpl.groovy:176)
at io.restassured.internal.RequestSpecificationImpl.post(RequestSpecificationImpl.groovy)
at com.rest.steps.Traveltaxsteps.i_post_the_login_payload_request(Traveltaxsteps.java:185)
at ✽.I post the login payload request(file:///C:/Users/divyabharathi.t/Desktop/Travel-Tax%20Restful%20API/Restassured/Features/Traveltax_Feature.feature:23)
]]>
            </full-stacktrace>
          </exception> <!-- java.net.ConnectException -->
          <reporter-output>
          </reporter-output>
        </test-method> <!-- runScenario -->
        <test-method status="FAIL" signature="runScenario(io.cucumber.testng.PickleWrapper, io.cucumber.testng.FeatureWrapper)[pri:0, instance:com.runner.Runner@544fe44c]" name="runScenario" duration-ms="21225" started-at="2023-06-29T05:25:15Z" description="Runs Cucumber Scenarios" data-provider="scenarios" finished-at="2023-06-29T05:25:37Z">
          <params>
            <param index="0">
              <value>
                <![CDATA["User creates a travel record"]]>
              </value>
            </param>
            <param index="1">
              <value>
                <![CDATA["Optional[To validate CRUD operations]"]]>
              </value>
            </param>
          </params>
          <exception class="java.net.ConnectException">
            <message>
              <![CDATA[Connection timed out: connect]]>
            </message>
            <full-stacktrace>
              <![CDATA[java.net.ConnectException: Connection timed out: connect
at java.net.DualStackPlainSocketImpl.connect0(Native Method)
at java.net.DualStackPlainSocketImpl.socketConnect(Unknown Source)
at java.net.AbstractPlainSocketImpl.doConnect(Unknown Source)
at java.net.AbstractPlainSocketImpl.connectToAddress(Unknown Source)
at java.net.AbstractPlainSocketImpl.connect(Unknown Source)
at java.net.PlainSocketImpl.connect(Unknown Source)
at java.net.SocksSocketImpl.connect(Unknown Source)
at java.net.Socket.connect(Unknown Source)
at org.apache.http.conn.ssl.SSLSocketFactory.connectSocket(SSLSocketFactory.java:543)
at org.apache.http.conn.ssl.SSLSocketFactory.connectSocket(SSLSocketFactory.java:415)
at org.apache.http.impl.conn.DefaultClientConnectionOperator.openConnection(DefaultClientConnectionOperator.java:180)
at org.apache.http.impl.conn.ManagedClientConnectionImpl.open(ManagedClientConnectionImpl.java:326)
at org.apache.http.impl.client.DefaultRequestDirector.tryConnect(DefaultRequestDirector.java:605)
at org.apache.http.impl.client.DefaultRequestDirector.execute(DefaultRequestDirector.java:440)
at org.apache.http.impl.client.AbstractHttpClient.doExecute(AbstractHttpClient.java:835)
at org.apache.http.impl.client.CloseableHttpClient.execute(CloseableHttpClient.java:83)
at io.restassured.internal.RestAssuredHttpBuilder.doRequest(RestAssuredHttpBuilder.java:141)
at io.restassured.internal.http.HTTPBuilder.doRequest(HTTPBuilder.java:496)
at io.restassured.internal.http.HTTPBuilder.request(HTTPBuilder.java:453)
at io.restassured.internal.http.HTTPBuilder$request$3.call(Unknown Source)
at org.codehaus.groovy.runtime.callsite.CallSiteArray.defaultCall(CallSiteArray.java:46)
at org.codehaus.groovy.runtime.callsite.AbstractCallSite.call(AbstractCallSite.java:125)
at org.codehaus.groovy.runtime.callsite.AbstractCallSite.call(AbstractCallSite.java:166)
at io.restassured.internal.RequestSpecificationImpl.sendHttpRequest(RequestSpecificationImpl.groovy:1480)
at io.restassured.internal.RequestSpecificationImpl.this$2$sendHttpRequest(RequestSpecificationImpl.groovy)
at sun.reflect.NativeMethodAccessorImpl.invoke0(Native Method)
at sun.reflect.NativeMethodAccessorImpl.invoke(Unknown Source)
at sun.reflect.DelegatingMethodAccessorImpl.invoke(Unknown Source)
at java.lang.reflect.Method.invoke(Unknown Source)
at org.codehaus.groovy.reflection.CachedMethod.invoke(CachedMethod.java:343)
at groovy.lang.MetaMethod.doMethodInvoke(MetaMethod.java:328)
at groovy.lang.MetaClassImpl.doInvokeMethod(MetaClassImpl.java:1369)
at groovy.lang.MetaClassImpl.invokeMethod(MetaClassImpl.java:1103)
at groovy.lang.MetaClassImpl.invokeMethod(MetaClassImpl.java:1009)
at groovy.lang.MetaClassImpl.invokeMethod(MetaClassImpl.java:792)
at io.restassured.internal.RequestSpecificationImpl.invokeMethod(RequestSpecificationImpl.groovy)
at org.codehaus.groovy.runtime.callsite.PogoInterceptableSite.call(PogoInterceptableSite.java:46)
at org.codehaus.groovy.runtime.callsite.PogoInterceptableSite.callCurrent(PogoInterceptableSite.java:57)
at org.codehaus.groovy.runtime.callsite.CallSiteArray.defaultCallCurrent(CallSiteArray.java:50)
at org.codehaus.groovy.runtime.callsite.AbstractCallSite.callCurrent(AbstractCallSite.java:171)
at io.restassured.internal.RequestSpecificationImpl.sendRequest(RequestSpecificationImpl.groovy:1229)
at io.restassured.internal.RequestSpecificationImpl.this$2$sendRequest(RequestSpecificationImpl.groovy)
at sun.reflect.NativeMethodAccessorImpl.invoke0(Native Method)
at sun.reflect.NativeMethodAccessorImpl.invoke(Unknown Source)
at sun.reflect.DelegatingMethodAccessorImpl.invoke(Unknown Source)
at java.lang.reflect.Method.invoke(Unknown Source)
at org.codehaus.groovy.reflection.CachedMethod.invoke(CachedMethod.java:343)
at groovy.lang.MetaMethod.doMethodInvoke(MetaMethod.java:328)
at groovy.lang.MetaClassImpl.doInvokeMethod(MetaClassImpl.java:1369)
at groovy.lang.MetaClassImpl.invokeMethod(MetaClassImpl.java:1103)
at groovy.lang.MetaClassImpl.invokeMethod(MetaClassImpl.java:1009)
at groovy.lang.MetaClassImpl.invokeMethod(MetaClassImpl.java:792)
at io.restassured.internal.RequestSpecificationImpl.invokeMethod(RequestSpecificationImpl.groovy)
at org.codehaus.groovy.runtime.callsite.PogoInterceptableSite.call(PogoInterceptableSite.java:46)
at org.codehaus.groovy.runtime.callsite.AbstractCallSite.call(AbstractCallSite.java:166)
at io.restassured.internal.filter.SendRequestFilter.filter(SendRequestFilter.groovy:30)
at io.restassured.filter.Filter$filter.call(Unknown Source)
at org.codehaus.groovy.runtime.callsite.CallSiteArray.defaultCall(CallSiteArray.java:46)
at io.restassured.filter.Filter$filter$0.call(Unknown Source)
at io.restassured.internal.filter.FilterContextImpl.next(FilterContextImpl.groovy:72)
at io.restassured.filter.time.TimingFilter.filter(TimingFilter.java:56)
at io.restassured.filter.Filter$filter$0.call(Unknown Source)
at org.codehaus.groovy.runtime.callsite.CallSiteArray.defaultCall(CallSiteArray.java:46)
at io.restassured.filter.Filter$filter.call(Unknown Source)
at io.restassured.internal.filter.FilterContextImpl.next(FilterContextImpl.groovy:72)
at io.restassured.filter.FilterContext$next.call(Unknown Source)
at io.restassured.internal.filter.CsrfFilter.filter(CsrfFilter.groovy:72)
at io.restassured.filter.Filter$filter.call(Unknown Source)
at org.codehaus.groovy.runtime.callsite.CallSiteArray.defaultCall(CallSiteArray.java:46)
at io.restassured.filter.Filter$filter.call(Unknown Source)
at io.restassured.internal.filter.FilterContextImpl.next(FilterContextImpl.groovy:72)
at io.restassured.filter.FilterContext$next.call(Unknown Source)
at io.restassured.internal.RequestSpecificationImpl.applyPathParamsAndSendRequest(RequestSpecificationImpl.groovy:1704)
at io.restassured.internal.RequestSpecificationImpl.this$2$applyPathParamsAndSendRequest(RequestSpecificationImpl.groovy)
at sun.reflect.NativeMethodAccessorImpl.invoke0(Native Method)
at sun.reflect.NativeMethodAccessorImpl.invoke(Unknown Source)
at sun.reflect.DelegatingMethodAccessorImpl.invoke(Unknown Source)
at java.lang.reflect.Method.invoke(Unknown Source)
at org.codehaus.groovy.reflection.CachedMethod.invoke(CachedMethod.java:343)
at groovy.lang.MetaMethod.doMethodInvoke(MetaMethod.java:328)
at groovy.lang.MetaClassImpl.doInvokeMethod(MetaClassImpl.java:1369)
at groovy.lang.MetaClassImpl.invokeMethod(MetaClassImpl.java:1103)
at groovy.lang.MetaClassImpl.invokeMethod(MetaClassImpl.java:1009)
at groovy.lang.MetaClassImpl.invokeMethod(MetaClassImpl.java:792)
at io.restassured.internal.RequestSpecificationImpl.invokeMethod(RequestSpecificationImpl.groovy)
at org.codehaus.groovy.runtime.callsite.PogoInterceptableSite.call(PogoInterceptableSite.java:46)
at org.codehaus.groovy.runtime.callsite.PogoInterceptableSite.callCurrent(PogoInterceptableSite.java:57)
at org.codehaus.groovy.runtime.callsite.AbstractCallSite.callCurrent(AbstractCallSite.java:203)
at io.restassured.internal.RequestSpecificationImpl.applyPathParamsAndSendRequest(RequestSpecificationImpl.groovy:1710)
at io.restassured.internal.RequestSpecificationImpl.this$2$applyPathParamsAndSendRequest(RequestSpecificationImpl.groovy)
at sun.reflect.NativeMethodAccessorImpl.invoke0(Native Method)
at sun.reflect.NativeMethodAccessorImpl.invoke(Unknown Source)
at sun.reflect.DelegatingMethodAccessorImpl.invoke(Unknown Source)
at java.lang.reflect.Method.invoke(Unknown Source)
at org.codehaus.groovy.reflection.CachedMethod.invoke(CachedMethod.java:343)
at groovy.lang.MetaMethod.doMethodInvoke(MetaMethod.java:328)
at groovy.lang.MetaClassImpl.doInvokeMethod(MetaClassImpl.java:1369)
at groovy.lang.MetaClassImpl.invokeMethod(MetaClassImpl.java:1103)
at groovy.lang.MetaClassImpl.invokeMethod(MetaClassImpl.java:1009)
at groovy.lang.MetaClassImpl.invokeMethod(MetaClassImpl.java:792)
at io.restassured.internal.RequestSpecificationImpl.invokeMethod(RequestSpecificationImpl.groovy)
at org.codehaus.groovy.runtime.callsite.PogoInterceptableSite.call(PogoInterceptableSite.java:46)
at org.codehaus.groovy.runtime.callsite.PogoInterceptableSite.callCurrent(PogoInterceptableSite.java:57)
at org.codehaus.groovy.runtime.callsite.CallSiteArray.defaultCallCurrent(CallSiteArray.java:50)
at org.codehaus.groovy.runtime.callsite.AbstractCallSite.callCurrent(AbstractCallSite.java:171)
at org.codehaus.groovy.runtime.callsite.AbstractCallSite.callCurrent(AbstractCallSite.java:203)
at io.restassured.internal.RequestSpecificationImpl.put(RequestSpecificationImpl.groovy:180)
at io.restassured.internal.RequestSpecificationImpl.put(RequestSpecificationImpl.groovy)
at com.rest.steps.Traveltaxsteps.i_request_to_create_a_travel_info(Traveltaxsteps.java:265)
at ✽.I request to create a travel info(file:///C:/Users/divyabharathi.t/Desktop/Travel-Tax%20Restful%20API/Restassured/Features/Traveltax_Feature.feature:31)
]]>
            </full-stacktrace>
          </exception> <!-- java.net.ConnectException -->
          <reporter-output>
          </reporter-output>
        </test-method> <!-- runScenario -->
        <test-method status="FAIL" signature="runScenario(io.cucumber.testng.PickleWrapper, io.cucumber.testng.FeatureWrapper)[pri:0, instance:com.runner.Runner@544fe44c]" name="runScenario" duration-ms="21168" started-at="2023-06-29T05:25:37Z" description="Runs Cucumber Scenarios" data-provider="scenarios" finished-at="2023-06-29T05:25:58Z">
          <params>
            <param index="0">
              <value>
                <![CDATA["User gets the travel record"]]>
              </value>
            </param>
            <param index="1">
              <value>
                <![CDATA["Optional[To validate CRUD operations]"]]>
              </value>
            </param>
          </params>
          <exception class="java.net.ConnectException">
            <message>
              <![CDATA[Connection timed out: connect]]>
            </message>
            <full-stacktrace>
              <![CDATA[java.net.ConnectException: Connection timed out: connect
at java.net.DualStackPlainSocketImpl.connect0(Native Method)
at java.net.DualStackPlainSocketImpl.socketConnect(Unknown Source)
at java.net.AbstractPlainSocketImpl.doConnect(Unknown Source)
at java.net.AbstractPlainSocketImpl.connectToAddress(Unknown Source)
at java.net.AbstractPlainSocketImpl.connect(Unknown Source)
at java.net.PlainSocketImpl.connect(Unknown Source)
at java.net.SocksSocketImpl.connect(Unknown Source)
at java.net.Socket.connect(Unknown Source)
at org.apache.http.conn.ssl.SSLSocketFactory.connectSocket(SSLSocketFactory.java:543)
at org.apache.http.conn.ssl.SSLSocketFactory.connectSocket(SSLSocketFactory.java:415)
at org.apache.http.impl.conn.DefaultClientConnectionOperator.openConnection(DefaultClientConnectionOperator.java:180)
at org.apache.http.impl.conn.ManagedClientConnectionImpl.open(ManagedClientConnectionImpl.java:326)
at org.apache.http.impl.client.DefaultRequestDirector.tryConnect(DefaultRequestDirector.java:605)
at org.apache.http.impl.client.DefaultRequestDirector.execute(DefaultRequestDirector.java:440)
at org.apache.http.impl.client.AbstractHttpClient.doExecute(AbstractHttpClient.java:835)
at org.apache.http.impl.client.CloseableHttpClient.execute(CloseableHttpClient.java:83)
at io.restassured.internal.RestAssuredHttpBuilder.doRequest(RestAssuredHttpBuilder.java:141)
at io.restassured.internal.http.HTTPBuilder.doRequest(HTTPBuilder.java:496)
at io.restassured.internal.http.HTTPBuilder.request(HTTPBuilder.java:453)
at io.restassured.internal.http.HTTPBuilder$request$3.call(Unknown Source)
at io.restassured.internal.RequestSpecificationImpl.sendHttpRequest(RequestSpecificationImpl.groovy:1480)
at io.restassured.internal.RequestSpecificationImpl.this$2$sendHttpRequest(RequestSpecificationImpl.groovy)
at sun.reflect.NativeMethodAccessorImpl.invoke0(Native Method)
at sun.reflect.NativeMethodAccessorImpl.invoke(Unknown Source)
at sun.reflect.DelegatingMethodAccessorImpl.invoke(Unknown Source)
at java.lang.reflect.Method.invoke(Unknown Source)
at org.codehaus.groovy.reflection.CachedMethod.invoke(CachedMethod.java:343)
at groovy.lang.MetaMethod.doMethodInvoke(MetaMethod.java:328)
at groovy.lang.MetaClassImpl.doInvokeMethod(MetaClassImpl.java:1369)
at groovy.lang.MetaClassImpl.invokeMethod(MetaClassImpl.java:1103)
at groovy.lang.MetaClassImpl.invokeMethod(MetaClassImpl.java:1009)
at groovy.lang.MetaClassImpl.invokeMethod(MetaClassImpl.java:792)
at io.restassured.internal.RequestSpecificationImpl.invokeMethod(RequestSpecificationImpl.groovy)
at org.codehaus.groovy.runtime.callsite.PogoInterceptableSite.call(PogoInterceptableSite.java:46)
at org.codehaus.groovy.runtime.callsite.PogoInterceptableSite.callCurrent(PogoInterceptableSite.java:57)
at io.restassured.internal.RequestSpecificationImpl.sendRequest(RequestSpecificationImpl.groovy:1229)
at io.restassured.internal.RequestSpecificationImpl.this$2$sendRequest(RequestSpecificationImpl.groovy)
at sun.reflect.NativeMethodAccessorImpl.invoke0(Native Method)
at sun.reflect.NativeMethodAccessorImpl.invoke(Unknown Source)
at sun.reflect.DelegatingMethodAccessorImpl.invoke(Unknown Source)
at java.lang.reflect.Method.invoke(Unknown Source)
at org.codehaus.groovy.reflection.CachedMethod.invoke(CachedMethod.java:343)
at groovy.lang.MetaMethod.doMethodInvoke(MetaMethod.java:328)
at groovy.lang.MetaClassImpl.doInvokeMethod(MetaClassImpl.java:1369)
at groovy.lang.MetaClassImpl.invokeMethod(MetaClassImpl.java:1103)
at groovy.lang.MetaClassImpl.invokeMethod(MetaClassImpl.java:1009)
at groovy.lang.MetaClassImpl.invokeMethod(MetaClassImpl.java:792)
at io.restassured.internal.RequestSpecificationImpl.invokeMethod(RequestSpecificationImpl.groovy)
at org.codehaus.groovy.runtime.callsite.PogoInterceptableSite.call(PogoInterceptableSite.java:46)
at org.codehaus.groovy.runtime.callsite.AbstractCallSite.call(AbstractCallSite.java:166)
at io.restassured.internal.filter.SendRequestFilter.filter(SendRequestFilter.groovy:30)
at io.restassured.filter.Filter$filter.call(Unknown Source)
at org.codehaus.groovy.runtime.callsite.CallSiteArray.defaultCall(CallSiteArray.java:46)
at io.restassured.filter.Filter$filter$0.call(Unknown Source)
at io.restassured.internal.filter.FilterContextImpl.next(FilterContextImpl.groovy:72)
at io.restassured.filter.time.TimingFilter.filter(TimingFilter.java:56)
at io.restassured.filter.Filter$filter$0.call(Unknown Source)
at org.codehaus.groovy.runtime.callsite.CallSiteArray.defaultCall(CallSiteArray.java:46)
at io.restassured.filter.Filter$filter.call(Unknown Source)
at io.restassured.internal.filter.FilterContextImpl.next(FilterContextImpl.groovy:72)
at io.restassured.filter.FilterContext$next.call(Unknown Source)
at io.restassured.internal.filter.CsrfFilter.filter(CsrfFilter.groovy:72)
at io.restassured.filter.Filter$filter.call(Unknown Source)
at org.codehaus.groovy.runtime.callsite.CallSiteArray.defaultCall(CallSiteArray.java:46)
at io.restassured.filter.Filter$filter.call(Unknown Source)
at io.restassured.internal.filter.FilterContextImpl.next(FilterContextImpl.groovy:72)
at io.restassured.filter.FilterContext$next.call(Unknown Source)
at io.restassured.internal.RequestSpecificationImpl.applyPathParamsAndSendRequest(RequestSpecificationImpl.groovy:1704)
at io.restassured.internal.RequestSpecificationImpl.this$2$applyPathParamsAndSendRequest(RequestSpecificationImpl.groovy)
at sun.reflect.NativeMethodAccessorImpl.invoke0(Native Method)
at sun.reflect.NativeMethodAccessorImpl.invoke(Unknown Source)
at sun.reflect.DelegatingMethodAccessorImpl.invoke(Unknown Source)
at java.lang.reflect.Method.invoke(Unknown Source)
at org.codehaus.groovy.reflection.CachedMethod.invoke(CachedMethod.java:343)
at groovy.lang.MetaMethod.doMethodInvoke(MetaMethod.java:328)
at groovy.lang.MetaClassImpl.doInvokeMethod(MetaClassImpl.java:1369)
at groovy.lang.MetaClassImpl.invokeMethod(MetaClassImpl.java:1103)
at groovy.lang.MetaClassImpl.invokeMethod(MetaClassImpl.java:1009)
at groovy.lang.MetaClassImpl.invokeMethod(MetaClassImpl.java:792)
at io.restassured.internal.RequestSpecificationImpl.invokeMethod(RequestSpecificationImpl.groovy)
at org.codehaus.groovy.runtime.callsite.PogoInterceptableSite.call(PogoInterceptableSite.java:46)
at org.codehaus.groovy.runtime.callsite.PogoInterceptableSite.callCurrent(PogoInterceptableSite.java:57)
at org.codehaus.groovy.runtime.callsite.AbstractCallSite.callCurrent(AbstractCallSite.java:203)
at io.restassured.internal.RequestSpecificationImpl.applyPathParamsAndSendRequest(RequestSpecificationImpl.groovy:1710)
at io.restassured.internal.RequestSpecificationImpl.this$2$applyPathParamsAndSendRequest(RequestSpecificationImpl.groovy)
at sun.reflect.NativeMethodAccessorImpl.invoke0(Native Method)
at sun.reflect.NativeMethodAccessorImpl.invoke(Unknown Source)
at sun.reflect.DelegatingMethodAccessorImpl.invoke(Unknown Source)
at java.lang.reflect.Method.invoke(Unknown Source)
at org.codehaus.groovy.reflection.CachedMethod.invoke(CachedMethod.java:343)
at groovy.lang.MetaMethod.doMethodInvoke(MetaMethod.java:328)
at groovy.lang.MetaClassImpl.doInvokeMethod(MetaClassImpl.java:1369)
at groovy.lang.MetaClassImpl.invokeMethod(MetaClassImpl.java:1103)
at groovy.lang.MetaClassImpl.invokeMethod(MetaClassImpl.java:1009)
at groovy.lang.MetaClassImpl.invokeMethod(MetaClassImpl.java:792)
at io.restassured.internal.RequestSpecificationImpl.invokeMethod(RequestSpecificationImpl.groovy)
at org.codehaus.groovy.runtime.callsite.PogoInterceptableSite.call(PogoInterceptableSite.java:46)
at org.codehaus.groovy.runtime.callsite.PogoInterceptableSite.callCurrent(PogoInterceptableSite.java:57)
at org.codehaus.groovy.runtime.callsite.CallSiteArray.defaultCallCurrent(CallSiteArray.java:50)
at org.codehaus.groovy.runtime.callsite.AbstractCallSite.callCurrent(AbstractCallSite.java:171)
at org.codehaus.groovy.runtime.callsite.AbstractCallSite.callCurrent(AbstractCallSite.java:203)
at io.restassured.internal.RequestSpecificationImpl.get(RequestSpecificationImpl.groovy:172)
at io.restassured.internal.RequestSpecificationImpl.get(RequestSpecificationImpl.groovy)
at com.rest.steps.Traveltaxsteps.i_request_to_get_all_travel_records(Traveltaxsteps.java:315)
at ✽.I request to get all travel records(file:///C:/Users/divyabharathi.t/Desktop/Travel-Tax%20Restful%20API/Restassured/Features/Traveltax_Feature.feature:39)
]]>
            </full-stacktrace>
          </exception> <!-- java.net.ConnectException -->
          <reporter-output>
          </reporter-output>
        </test-method> <!-- runScenario -->
        <test-method status="FAIL" signature="runScenario(io.cucumber.testng.PickleWrapper, io.cucumber.testng.FeatureWrapper)[pri:0, instance:com.runner.Runner@544fe44c]" name="runScenario" duration-ms="48" started-at="2023-06-29T05:25:58Z" description="Runs Cucumber Scenarios" data-provider="scenarios" finished-at="2023-06-29T05:25:58Z">
          <params>
            <param index="0">
              <value>
                <![CDATA["User delete the travel record"]]>
              </value>
            </param>
            <param index="1">
              <value>
                <![CDATA["Optional[To validate CRUD operations]"]]>
              </value>
            </param>
          </params>
          <exception class="java.lang.IllegalArgumentException">
            <message>
              <![CDATA[firstParameterValue cannot be null]]>
            </message>
            <full-stacktrace>
              <![CDATA[java.lang.IllegalArgumentException: firstParameterValue cannot be null
at sun.reflect.NativeConstructorAccessorImpl.newInstance0(Native Method)
at sun.reflect.NativeConstructorAccessorImpl.newInstance(Unknown Source)
at sun.reflect.DelegatingConstructorAccessorImpl.newInstance(Unknown Source)
at java.lang.reflect.Constructor.newInstance(Unknown Source)
at org.codehaus.groovy.reflection.CachedConstructor.invoke(CachedConstructor.java:73)
at org.codehaus.groovy.reflection.CachedConstructor.doConstructorInvoke(CachedConstructor.java:60)
at org.codehaus.groovy.runtime.callsite.ConstructorSite$ConstructorSiteNoUnwrap.callConstructor(ConstructorSite.java:86)
at org.codehaus.groovy.runtime.callsite.CallSiteArray.defaultCallConstructor(CallSiteArray.java:58)
at org.codehaus.groovy.runtime.callsite.AbstractCallSite.callConstructor(AbstractCallSite.java:263)
at org.codehaus.groovy.runtime.callsite.AbstractCallSite.callConstructor(AbstractCallSite.java:277)
at io.restassured.internal.common.assertion.AssertParameter.notNull(AssertParameter.groovy:26)
at io.restassured.internal.common.assertion.AssertParameter$notNull.callStatic(Unknown Source)
at org.codehaus.groovy.runtime.callsite.CallSiteArray.defaultCallStatic(CallSiteArray.java:54)
at org.codehaus.groovy.runtime.callsite.AbstractCallSite.callStatic(AbstractCallSite.java:217)
at org.codehaus.groovy.runtime.callsite.AbstractCallSite.callStatic(AbstractCallSite.java:240)
at io.restassured.internal.RequestSpecificationImpl.queryParams(RequestSpecificationImpl.groovy:461)
at com.rest.steps.Traveltaxsteps.i_request_to_delete_a_record(Traveltaxsteps.java:377)
at ✽.I request to delete a record(file:///C:/Users/divyabharathi.t/Desktop/Travel-Tax%20Restful%20API/Restassured/Features/Traveltax_Feature.feature:47)
]]>
            </full-stacktrace>
          </exception> <!-- java.lang.IllegalArgumentException -->
          <reporter-output>
          </reporter-output>
        </test-method> <!-- runScenario -->
        <test-method status="PASS" signature="runScenario(io.cucumber.testng.PickleWrapper, io.cucumber.testng.FeatureWrapper)[pri:0, instance:com.runner.Runner@544fe44c]" name="runScenario" duration-ms="347" started-at="2023-06-29T05:25:58Z" description="Runs Cucumber Scenarios" data-provider="scenarios" finished-at="2023-06-29T05:25:58Z">
          <params>
            <param index="0">
              <value>
                <![CDATA["Report cooldown"]]>
              </value>
            </param>
            <param index="1">
              <value>
                <![CDATA["Optional[To validate CRUD operations]"]]>
              </value>
            </param>
          </params>
          <reporter-output>
          </reporter-output>
        </test-method> <!-- runScenario -->
        <test-method status="PASS" signature="tearDownClass()[pri:0, instance:com.runner.Runner@544fe44c]" name="tearDownClass" is-config="true" duration-ms="11" started-at="2023-06-29T05:25:58Z" finished-at="2023-06-29T05:25:58Z">
          <reporter-output>
          </reporter-output>
        </test-method> <!-- tearDownClass -->
      </class> <!-- com.runner.Runner -->
    </test> <!-- Default test -->
  </suite> <!-- Default suite -->
</testng-results>
